The system is: Linux - 5.15.0-119-generic - x86_64
Compiling the C compiler identification source file "CMakeCCompilerId.c" succeeded.
Compiler: /usr/bin/cc 
Build flags: 
Id flags:  

The output was:
0


Compilation of the C compiler identification source "CMakeCCompilerId.c" produced "a.out"

The C compiler identification is GNU, found in "/home/student11/linking_lab/build/CMakeFiles/3.16.3/CompilerIdC/a.out"

Compiling the CXX compiler identification source file "CMakeCXXCompilerId.cpp" succeeded.
Compiler: /usr/bin/c++ 
Build flags: 
Id flags:  

The output was:
0


Compilation of the CXX compiler identification source "CMakeCXXCompilerId.cpp" produced "a.out"

The CXX compiler identification is GNU, found in "/home/student11/linking_lab/build/CMakeFiles/3.16.3/CompilerIdCXX/a.out"

Determining if the C compiler works passed with the following output:
Change Dir: /home/student11/linking_lab/build/CMakeFiles/CMakeTmp

Run Build Command(s):/usr/bin/make cmTC_35566/fast && /usr/bin/make -f CMakeFiles/cmTC_35566.dir/build.make CMakeFiles/cmTC_35566.dir/build
make[1]: Entering directory '/home/student11/linking_lab/build/CMakeFiles/CMakeTmp'
Building C object CMakeFiles/cmTC_35566.dir/testCCompiler.c.o
/usr/bin/cc    -o CMakeFiles/cmTC_35566.dir/testCCompiler.c.o   -c /home/student11/linking_lab/build/CMakeFiles/CMakeTmp/testCCompiler.c
Linking C executable cmTC_35566
/usr/bin/cmake -E cmake_link_script CMakeFiles/cmTC_35566.dir/link.txt --verbose=1
/usr/bin/cc      CMakeFiles/cmTC_35566.dir/testCCompiler.c.o  -o cmTC_35566 
make[1]: Leaving directory '/home/student11/linking_lab/build/CMakeFiles/CMakeTmp'



Detecting C compiler ABI info compiled with the following output:
Change Dir: /home/student11/linking_lab/build/CMakeFiles/CMakeTmp

Run Build Command(s):/usr/bin/make cmTC_594ed/fast && /usr/bin/make -f CMakeFiles/cmTC_594ed.dir/build.make CMakeFiles/cmTC_594ed.dir/build
make[1]: Entering directory '/home/student11/linking_lab/build/CMakeFiles/CMakeTmp'
Building C object CMakeFiles/cmTC_594ed.dir/CMakeCCompilerABI.c.o
/usr/bin/cc   -v -o CMakeFiles/cmTC_594ed.dir/CMakeCCompilerABI.c.o   -c /usr/share/cmake-3.16/Modules/CMakeCCompilerABI.c
Using built-in specs.
COLLECT_GCC=/usr/bin/cc
OFFLOAD_TARGET_NAMES=nvptx-none:hsa
OFFLOAD_TARGET_DEFAULT=1
Target: x86_64-linux-gnu
Configured with: ../src/configure -v --with-pkgversion='Ubuntu 9.4.0-1ubuntu1~20.04.2' --with-bugurl=file:///usr/share/doc/gcc-9/README.Bugs --enable-languages=c,ada,c++,go,brig,d,fortran,objc,obj-c++,gm2 --prefix=/usr --with-gcc-major-version-only --program-suffix=-9 --program-prefix=x86_64-linux-gnu- --enable-shared --enable-linker-build-id --libexecdir=/usr/lib --without-included-gettext --enable-threads=posix --libdir=/usr/lib --enable-nls --enable-clocale=gnu --enable-libstdcxx-debug --enable-libstdcxx-time=yes --with-default-libstdcxx-abi=new --enable-gnu-unique-object --disable-vtable-verify --enable-plugin --enable-default-pie --with-system-zlib --with-target-system-zlib=auto --enable-objc-gc=auto --enable-multiarch --disable-werror --with-arch-32=i686 --with-abi=m64 --with-multilib-list=m32,m64,mx32 --enable-multilib --with-tune=generic --enable-offload-targets=nvptx-none=/build/gcc-9-9QDOt0/gcc-9-9.4.0/debian/tmp-nvptx/usr,hsa --without-cuda-driver --enable-checking=release --build=x86_64-linux-gnu --host=x86_64-linux-gnu --target=x86_64-linux-gnu
Thread model: posix
gcc version 9.4.0 (Ubuntu 9.4.0-1ubuntu1~20.04.2) 
COLLECT_GCC_OPTIONS='-v' '-o' 'CMakeFiles/cmTC_594ed.dir/CMakeCCompilerABI.c.o' '-c' '-mtune=generic' '-march=x86-64'
 /usr/lib/gcc/x86_64-linux-gnu/9/cc1 -quiet -v -imultiarch x86_64-linux-gnu /usr/share/cmake-3.16/Modules/CMakeCCompilerABI.c -quiet -dumpbase CMakeCCompilerABI.c -mtune=generic -march=x86-64 -auxbase-strip CMakeFiles/cmTC_594ed.dir/CMakeCCompilerABI.c.o -version -fasynchronous-unwind-tables -fstack-protector-strong -Wformat -Wformat-security -fstack-clash-protection -fcf-protection -o /tmp/ccc0ekqN.s
GNU C17 (Ubuntu 9.4.0-1ubuntu1~20.04.2) version 9.4.0 (x86_64-linux-gnu)
	compiled by GNU C version 9.4.0, GMP version 6.2.0, MPFR version 4.0.2, MPC version 1.1.0, isl version isl-0.22.1-GMP

GGC heuristics: --param ggc-min-expand=100 --param ggc-min-heapsize=131072
ignoring nonexistent directory "/usr/local/include/x86_64-linux-gnu"
ignoring nonexistent directory "/usr/lib/gcc/x86_64-linux-gnu/9/include-fixed"
ignoring nonexistent directory "/usr/lib/gcc/x86_64-linux-gnu/9/../../../../x86_64-linux-gnu/include"
#include "..." search starts here:
#include <...> search starts here:
 /usr/lib/gcc/x86_64-linux-gnu/9/include
 /usr/local/include
 /usr/include/x86_64-linux-gnu
 /usr/include
End of search list.
GNU C17 (Ubuntu 9.4.0-1ubuntu1~20.04.2) version 9.4.0 (x86_64-linux-gnu)
	compiled by GNU C version 9.4.0, GMP version 6.2.0, MPFR version 4.0.2, MPC version 1.1.0, isl version isl-0.22.1-GMP

GGC heuristics: --param ggc-min-expand=100 --param ggc-min-heapsize=131072
Compiler executable checksum: 01da938ff5dc2163489aa33cb3b747a7
COLLECT_GCC_OPTIONS='-v' '-o' 'CMakeFiles/cmTC_594ed.dir/CMakeCCompilerABI.c.o' '-c' '-mtune=generic' '-march=x86-64'
 as -v --64 -o CMakeFiles/cmTC_594ed.dir/CMakeCCompilerABI.c.o /tmp/ccc0ekqN.s
GNU assembler version 2.34 (x86_64-linux-gnu) using BFD version (GNU Binutils for Ubuntu) 2.34
COMPILER_PATH=/usr/lib/gcc/x86_64-linux-gnu/9/:/usr/lib/gcc/x86_64-linux-gnu/9/:/usr/lib/gcc/x86_64-linux-gnu/:/usr/lib/gcc/x86_64-linux-gnu/9/:/usr/lib/gcc/x86_64-linux-gnu/
LIBRARY_PATH=/usr/lib/gcc/x86_64-linux-gnu/9/:/usr/lib/gcc/x86_64-linux-gnu/9/../../../x86_64-linux-gnu/:/usr/lib/gcc/x86_64-linux-gnu/9/../../../../lib/:/lib/x86_64-linux-gnu/:/lib/../lib/:/usr/lib/x86_64-linux-gnu/:/usr/lib/../lib/:/usr/lib/gcc/x86_64-linux-gnu/9/../../../:/lib/:/usr/lib/
COLLECT_GCC_OPTIONS='-v' '-o' 'CMakeFiles/cmTC_594ed.dir/CMakeCCompilerABI.c.o' '-c' '-mtune=generic' '-march=x86-64'
Linking C executable cmTC_594ed
/usr/bin/cmake -E cmake_link_script CMakeFiles/cmTC_594ed.dir/link.txt --verbose=1
/usr/bin/cc     -v CMakeFiles/cmTC_594ed.dir/CMakeCCompilerABI.c.o  -o cmTC_594ed 
Using built-in specs.
COLLECT_GCC=/usr/bin/cc
COLLECT_LTO_WRAPPER=/usr/lib/gcc/x86_64-linux-gnu/9/lto-wrapper
OFFLOAD_TARGET_NAMES=nvptx-none:hsa
OFFLOAD_TARGET_DEFAULT=1
Target: x86_64-linux-gnu
Configured with: ../src/configure -v --with-pkgversion='Ubuntu 9.4.0-1ubuntu1~20.04.2' --with-bugurl=file:///usr/share/doc/gcc-9/README.Bugs --enable-languages=c,ada,c++,go,brig,d,fortran,objc,obj-c++,gm2 --prefix=/usr --with-gcc-major-version-only --program-suffix=-9 --program-prefix=x86_64-linux-gnu- --enable-shared --enable-linker-build-id --libexecdir=/usr/lib --without-included-gettext --enable-threads=posix --libdir=/usr/lib --enable-nls --enable-clocale=gnu --enable-libstdcxx-debug --enable-libstdcxx-time=yes --with-default-libstdcxx-abi=new --enable-gnu-unique-object --disable-vtable-verify --enable-plugin --enable-default-pie --with-system-zlib --with-target-system-zlib=auto --enable-objc-gc=auto --enable-multiarch --disable-werror --with-arch-32=i686 --with-abi=m64 --with-multilib-list=m32,m64,mx32 --enable-multilib --with-tune=generic --enable-offload-targets=nvptx-none=/build/gcc-9-9QDOt0/gcc-9-9.4.0/debian/tmp-nvptx/usr,hsa --without-cuda-driver --enable-checking=release --build=x86_64-linux-gnu --host=x86_64-linux-gnu --target=x86_64-linux-gnu
Thread model: posix
gcc version 9.4.0 (Ubuntu 9.4.0-1ubuntu1~20.04.2) 
COMPILER_PATH=/usr/lib/gcc/x86_64-linux-gnu/9/:/usr/lib/gcc/x86_64-linux-gnu/9/:/usr/lib/gcc/x86_64-linux-gnu/:/usr/lib/gcc/x86_64-linux-gnu/9/:/usr/lib/gcc/x86_64-linux-gnu/
LIBRARY_PATH=/usr/lib/gcc/x86_64-linux-gnu/9/:/usr/lib/gcc/x86_64-linux-gnu/9/../../../x86_64-linux-gnu/:/usr/lib/gcc/x86_64-linux-gnu/9/../../../../lib/:/lib/x86_64-linux-gnu/:/lib/../lib/:/usr/lib/x86_64-linux-gnu/:/usr/lib/../lib/:/usr/lib/gcc/x86_64-linux-gnu/9/../../../:/lib/:/usr/lib/
COLLECT_GCC_OPTIONS='-v' '-o' 'cmTC_594ed' '-mtune=generic' '-march=x86-64'
 /usr/lib/gcc/x86_64-linux-gnu/9/collect2 -plugin /usr/lib/gcc/x86_64-linux-gnu/9/liblto_plugin.so -plugin-opt=/usr/lib/gcc/x86_64-linux-gnu/9/lto-wrapper -plugin-opt=-fresolution=/tmp/ccrpE8ve.res -plugin-opt=-pass-through=-lgcc -plugin-opt=-pass-through=-lgcc_s -plugin-opt=-pass-through=-lc -plugin-opt=-pass-through=-lgcc -plugin-opt=-pass-through=-lgcc_s --build-id --eh-frame-hdr -m elf_x86_64 --hash-style=gnu --as-needed -dynamic-linker /lib64/ld-linux-x86-64.so.2 -pie -z now -z relro -o cmTC_594ed /usr/lib/gcc/x86_64-linux-gnu/9/../../../x86_64-linux-gnu/Scrt1.o /usr/lib/gcc/x86_64-linux-gnu/9/../../../x86_64-linux-gnu/crti.o /usr/lib/gcc/x86_64-linux-gnu/9/crtbeginS.o -L/usr/lib/gcc/x86_64-linux-gnu/9 -L/usr/lib/gcc/x86_64-linux-gnu/9/../../../x86_64-linux-gnu -L/usr/lib/gcc/x86_64-linux-gnu/9/../../../../lib -L/lib/x86_64-linux-gnu -L/lib/../lib -L/usr/lib/x86_64-linux-gnu -L/usr/lib/../lib -L/usr/lib/gcc/x86_64-linux-gnu/9/../../.. CMakeFiles/cmTC_594ed.dir/CMakeCCompilerABI.c.o -lgcc --push-state --as-needed -lgcc_s --pop-state -lc -lgcc --push-state --as-needed -lgcc_s --pop-state /usr/lib/gcc/x86_64-linux-gnu/9/crtendS.o /usr/lib/gcc/x86_64-linux-gnu/9/../../../x86_64-linux-gnu/crtn.o
COLLECT_GCC_OPTIONS='-v' '-o' 'cmTC_594ed' '-mtune=generic' '-march=x86-64'
make[1]: Leaving directory '/home/student11/linking_lab/build/CMakeFiles/CMakeTmp'



Parsed C implicit include dir info from above output: rv=done
  found start of include info
  found start of implicit include info
    add: [/usr/lib/gcc/x86_64-linux-gnu/9/include]
    add: [/usr/local/include]
    add: [/usr/include/x86_64-linux-gnu]
    add: [/usr/include]
  end of search list found
  collapse include dir [/usr/lib/gcc/x86_64-linux-gnu/9/include] ==> [/usr/lib/gcc/x86_64-linux-gnu/9/include]
  collapse include dir [/usr/local/include] ==> [/usr/local/include]
  collapse include dir [/usr/include/x86_64-linux-gnu] ==> [/usr/include/x86_64-linux-gnu]
  collapse include dir [/usr/include] ==> [/usr/include]
  implicit include dirs: [/usr/lib/gcc/x86_64-linux-gnu/9/include;/usr/local/include;/usr/include/x86_64-linux-gnu;/usr/include]


Parsed C implicit link information from above output:
  link line regex: [^( *|.*[/\])(ld|CMAKE_LINK_STARTFILE-NOTFOUND|([^/\]+-)?ld|collect2)[^/\]*( |$)]
  ignore line: [Change Dir: /home/student11/linking_lab/build/CMakeFiles/CMakeTmp]
  ignore line: []
  ignore line: [Run Build Command(s):/usr/bin/make cmTC_594ed/fast && /usr/bin/make -f CMakeFiles/cmTC_594ed.dir/build.make CMakeFiles/cmTC_594ed.dir/build]
  ignore line: [make[1]: Entering directory '/home/student11/linking_lab/build/CMakeFiles/CMakeTmp']
  ignore line: [Building C object CMakeFiles/cmTC_594ed.dir/CMakeCCompilerABI.c.o]
  ignore line: [/usr/bin/cc   -v -o CMakeFiles/cmTC_594ed.dir/CMakeCCompilerABI.c.o   -c /usr/share/cmake-3.16/Modules/CMakeCCompilerABI.c]
  ignore line: [Using built-in specs.]
  ignore line: [COLLECT_GCC=/usr/bin/cc]
  ignore line: [OFFLOAD_TARGET_NAMES=nvptx-none:hsa]
  ignore line: [OFFLOAD_TARGET_DEFAULT=1]
  ignore line: [Target: x86_64-linux-gnu]
  ignore line: [Configured with: ../src/configure -v --with-pkgversion='Ubuntu 9.4.0-1ubuntu1~20.04.2' --with-bugurl=file:///usr/share/doc/gcc-9/README.Bugs --enable-languages=c ada c++ go brig d fortran objc obj-c++ gm2 --prefix=/usr --with-gcc-major-version-only --program-suffix=-9 --program-prefix=x86_64-linux-gnu- --enable-shared --enable-linker-build-id --libexecdir=/usr/lib --without-included-gettext --enable-threads=posix --libdir=/usr/lib --enable-nls --enable-clocale=gnu --enable-libstdcxx-debug --enable-libstdcxx-time=yes --with-default-libstdcxx-abi=new --enable-gnu-unique-object --disable-vtable-verify --enable-plugin --enable-default-pie --with-system-zlib --with-target-system-zlib=auto --enable-objc-gc=auto --enable-multiarch --disable-werror --with-arch-32=i686 --with-abi=m64 --with-multilib-list=m32 m64 mx32 --enable-multilib --with-tune=generic --enable-offload-targets=nvptx-none=/build/gcc-9-9QDOt0/gcc-9-9.4.0/debian/tmp-nvptx/usr hsa --without-cuda-driver --enable-checking=release --build=x86_64-linux-gnu --host=x86_64-linux-gnu --target=x86_64-linux-gnu]
  ignore line: [Thread model: posix]
  ignore line: [gcc version 9.4.0 (Ubuntu 9.4.0-1ubuntu1~20.04.2) ]
  ignore line: [COLLECT_GCC_OPTIONS='-v' '-o' 'CMakeFiles/cmTC_594ed.dir/CMakeCCompilerABI.c.o' '-c' '-mtune=generic' '-march=x86-64']
  ignore line: [ /usr/lib/gcc/x86_64-linux-gnu/9/cc1 -quiet -v -imultiarch x86_64-linux-gnu /usr/share/cmake-3.16/Modules/CMakeCCompilerABI.c -quiet -dumpbase CMakeCCompilerABI.c -mtune=generic -march=x86-64 -auxbase-strip CMakeFiles/cmTC_594ed.dir/CMakeCCompilerABI.c.o -version -fasynchronous-unwind-tables -fstack-protector-strong -Wformat -Wformat-security -fstack-clash-protection -fcf-protection -o /tmp/ccc0ekqN.s]
  ignore line: [GNU C17 (Ubuntu 9.4.0-1ubuntu1~20.04.2) version 9.4.0 (x86_64-linux-gnu)]
  ignore line: [	compiled by GNU C version 9.4.0  GMP version 6.2.0  MPFR version 4.0.2  MPC version 1.1.0  isl version isl-0.22.1-GMP]
  ignore line: []
  ignore line: [GGC heuristics: --param ggc-min-expand=100 --param ggc-min-heapsize=131072]
  ignore line: [ignoring nonexistent directory "/usr/local/include/x86_64-linux-gnu"]
  ignore line: [ignoring nonexistent directory "/usr/lib/gcc/x86_64-linux-gnu/9/include-fixed"]
  ignore line: [ignoring nonexistent directory "/usr/lib/gcc/x86_64-linux-gnu/9/../../../../x86_64-linux-gnu/include"]
  ignore line: [#include "..." search starts here:]
  ignore line: [#include <...> search starts here:]
  ignore line: [ /usr/lib/gcc/x86_64-linux-gnu/9/include]
  ignore line: [ /usr/local/include]
  ignore line: [ /usr/include/x86_64-linux-gnu]
  ignore line: [ /usr/include]
  ignore line: [End of search list.]
  ignore line: [GNU C17 (Ubuntu 9.4.0-1ubuntu1~20.04.2) version 9.4.0 (x86_64-linux-gnu)]
  ignore line: [	compiled by GNU C version 9.4.0  GMP version 6.2.0  MPFR version 4.0.2  MPC version 1.1.0  isl version isl-0.22.1-GMP]
  ignore line: []
  ignore line: [GGC heuristics: --param ggc-min-expand=100 --param ggc-min-heapsize=131072]
  ignore line: [Compiler executable checksum: 01da938ff5dc2163489aa33cb3b747a7]
  ignore line: [COLLECT_GCC_OPTIONS='-v' '-o' 'CMakeFiles/cmTC_594ed.dir/CMakeCCompilerABI.c.o' '-c' '-mtune=generic' '-march=x86-64']
  ignore line: [ as -v --64 -o CMakeFiles/cmTC_594ed.dir/CMakeCCompilerABI.c.o /tmp/ccc0ekqN.s]
  ignore line: [GNU assembler version 2.34 (x86_64-linux-gnu) using BFD version (GNU Binutils for Ubuntu) 2.34]
  ignore line: [COMPILER_PATH=/usr/lib/gcc/x86_64-linux-gnu/9/:/usr/lib/gcc/x86_64-linux-gnu/9/:/usr/lib/gcc/x86_64-linux-gnu/:/usr/lib/gcc/x86_64-linux-gnu/9/:/usr/lib/gcc/x86_64-linux-gnu/]
  ignore line: [LIBRARY_PATH=/usr/lib/gcc/x86_64-linux-gnu/9/:/usr/lib/gcc/x86_64-linux-gnu/9/../../../x86_64-linux-gnu/:/usr/lib/gcc/x86_64-linux-gnu/9/../../../../lib/:/lib/x86_64-linux-gnu/:/lib/../lib/:/usr/lib/x86_64-linux-gnu/:/usr/lib/../lib/:/usr/lib/gcc/x86_64-linux-gnu/9/../../../:/lib/:/usr/lib/]
  ignore line: [COLLECT_GCC_OPTIONS='-v' '-o' 'CMakeFiles/cmTC_594ed.dir/CMakeCCompilerABI.c.o' '-c' '-mtune=generic' '-march=x86-64']
  ignore line: [Linking C executable cmTC_594ed]
  ignore line: [/usr/bin/cmake -E cmake_link_script CMakeFiles/cmTC_594ed.dir/link.txt --verbose=1]
  ignore line: [/usr/bin/cc     -v CMakeFiles/cmTC_594ed.dir/CMakeCCompilerABI.c.o  -o cmTC_594ed ]
  ignore line: [Using built-in specs.]
  ignore line: [COLLECT_GCC=/usr/bin/cc]
  ignore line: [COLLECT_LTO_WRAPPER=/usr/lib/gcc/x86_64-linux-gnu/9/lto-wrapper]
  ignore line: [OFFLOAD_TARGET_NAMES=nvptx-none:hsa]
  ignore line: [OFFLOAD_TARGET_DEFAULT=1]
  ignore line: [Target: x86_64-linux-gnu]
  ignore line: [Configured with: ../src/configure -v --with-pkgversion='Ubuntu 9.4.0-1ubuntu1~20.04.2' --with-bugurl=file:///usr/share/doc/gcc-9/README.Bugs --enable-languages=c ada c++ go brig d fortran objc obj-c++ gm2 --prefix=/usr --with-gcc-major-version-only --program-suffix=-9 --program-prefix=x86_64-linux-gnu- --enable-shared --enable-linker-build-id --libexecdir=/usr/lib --without-included-gettext --enable-threads=posix --libdir=/usr/lib --enable-nls --enable-clocale=gnu --enable-libstdcxx-debug --enable-libstdcxx-time=yes --with-default-libstdcxx-abi=new --enable-gnu-unique-object --disable-vtable-verify --enable-plugin --enable-default-pie --with-system-zlib --with-target-system-zlib=auto --enable-objc-gc=auto --enable-multiarch --disable-werror --with-arch-32=i686 --with-abi=m64 --with-multilib-list=m32 m64 mx32 --enable-multilib --with-tune=generic --enable-offload-targets=nvptx-none=/build/gcc-9-9QDOt0/gcc-9-9.4.0/debian/tmp-nvptx/usr hsa --without-cuda-driver --enable-checking=release --build=x86_64-linux-gnu --host=x86_64-linux-gnu --target=x86_64-linux-gnu]
  ignore line: [Thread model: posix]
  ignore line: [gcc version 9.4.0 (Ubuntu 9.4.0-1ubuntu1~20.04.2) ]
  ignore line: [COMPILER_PATH=/usr/lib/gcc/x86_64-linux-gnu/9/:/usr/lib/gcc/x86_64-linux-gnu/9/:/usr/lib/gcc/x86_64-linux-gnu/:/usr/lib/gcc/x86_64-linux-gnu/9/:/usr/lib/gcc/x86_64-linux-gnu/]
  ignore line: [LIBRARY_PATH=/usr/lib/gcc/x86_64-linux-gnu/9/:/usr/lib/gcc/x86_64-linux-gnu/9/../../../x86_64-linux-gnu/:/usr/lib/gcc/x86_64-linux-gnu/9/../../../../lib/:/lib/x86_64-linux-gnu/:/lib/../lib/:/usr/lib/x86_64-linux-gnu/:/usr/lib/../lib/:/usr/lib/gcc/x86_64-linux-gnu/9/../../../:/lib/:/usr/lib/]
  ignore line: [COLLECT_GCC_OPTIONS='-v' '-o' 'cmTC_594ed' '-mtune=generic' '-march=x86-64']
  link line: [ /usr/lib/gcc/x86_64-linux-gnu/9/collect2 -plugin /usr/lib/gcc/x86_64-linux-gnu/9/liblto_plugin.so -plugin-opt=/usr/lib/gcc/x86_64-linux-gnu/9/lto-wrapper -plugin-opt=-fresolution=/tmp/ccrpE8ve.res -plugin-opt=-pass-through=-lgcc -plugin-opt=-pass-through=-lgcc_s -plugin-opt=-pass-through=-lc -plugin-opt=-pass-through=-lgcc -plugin-opt=-pass-through=-lgcc_s --build-id --eh-frame-hdr -m elf_x86_64 --hash-style=gnu --as-needed -dynamic-linker /lib64/ld-linux-x86-64.so.2 -pie -z now -z relro -o cmTC_594ed /usr/lib/gcc/x86_64-linux-gnu/9/../../../x86_64-linux-gnu/Scrt1.o /usr/lib/gcc/x86_64-linux-gnu/9/../../../x86_64-linux-gnu/crti.o /usr/lib/gcc/x86_64-linux-gnu/9/crtbeginS.o -L/usr/lib/gcc/x86_64-linux-gnu/9 -L/usr/lib/gcc/x86_64-linux-gnu/9/../../../x86_64-linux-gnu -L/usr/lib/gcc/x86_64-linux-gnu/9/../../../../lib -L/lib/x86_64-linux-gnu -L/lib/../lib -L/usr/lib/x86_64-linux-gnu -L/usr/lib/../lib -L/usr/lib/gcc/x86_64-linux-gnu/9/../../.. CMakeFiles/cmTC_594ed.dir/CMakeCCompilerABI.c.o -lgcc --push-state --as-needed -lgcc_s --pop-state -lc -lgcc --push-state --as-needed -lgcc_s --pop-state /usr/lib/gcc/x86_64-linux-gnu/9/crtendS.o /usr/lib/gcc/x86_64-linux-gnu/9/../../../x86_64-linux-gnu/crtn.o]
    arg [/usr/lib/gcc/x86_64-linux-gnu/9/collect2] ==> ignore
    arg [-plugin] ==> ignore
    arg [/usr/lib/gcc/x86_64-linux-gnu/9/liblto_plugin.so] ==> ignore
    arg [-plugin-opt=/usr/lib/gcc/x86_64-linux-gnu/9/lto-wrapper] ==> ignore
    arg [-plugin-opt=-fresolution=/tmp/ccrpE8ve.res] ==> ignore
    arg [-plugin-opt=-pass-through=-lgcc] ==> ignore
    arg [-plugin-opt=-pass-through=-lgcc_s] ==> ignore
    arg [-plugin-opt=-pass-through=-lc] ==> ignore
    arg [-plugin-opt=-pass-through=-lgcc] ==> ignore
    arg [-plugin-opt=-pass-through=-lgcc_s] ==> ignore
    arg [--build-id] ==> ignore
    arg [--eh-frame-hdr] ==> ignore
    arg [-m] ==> ignore
    arg [elf_x86_64] ==> ignore
    arg [--hash-style=gnu] ==> ignore
    arg [--as-needed] ==> ignore
    arg [-dynamic-linker] ==> ignore
    arg [/lib64/ld-linux-x86-64.so.2] ==> ignore
    arg [-pie] ==> ignore
    arg [-znow] ==> ignore
    arg [-zrelro] ==> ignore
    arg [-o] ==> ignore
    arg [cmTC_594ed] ==> ignore
    arg [/usr/lib/gcc/x86_64-linux-gnu/9/../../../x86_64-linux-gnu/Scrt1.o] ==> ignore
    arg [/usr/lib/gcc/x86_64-linux-gnu/9/../../../x86_64-linux-gnu/crti.o] ==> ignore
    arg [/usr/lib/gcc/x86_64-linux-gnu/9/crtbeginS.o] ==> ignore
    arg [-L/usr/lib/gcc/x86_64-linux-gnu/9] ==> dir [/usr/lib/gcc/x86_64-linux-gnu/9]
    arg [-L/usr/lib/gcc/x86_64-linux-gnu/9/../../../x86_64-linux-gnu] ==> dir [/usr/lib/gcc/x86_64-linux-gnu/9/../../../x86_64-linux-gnu]
    arg [-L/usr/lib/gcc/x86_64-linux-gnu/9/../../../../lib] ==> dir [/usr/lib/gcc/x86_64-linux-gnu/9/../../../../lib]
    arg [-L/lib/x86_64-linux-gnu] ==> dir [/lib/x86_64-linux-gnu]
    arg [-L/lib/../lib] ==> dir [/lib/../lib]
    arg [-L/usr/lib/x86_64-linux-gnu] ==> dir [/usr/lib/x86_64-linux-gnu]
    arg [-L/usr/lib/../lib] ==> dir [/usr/lib/../lib]
    arg [-L/usr/lib/gcc/x86_64-linux-gnu/9/../../..] ==> dir [/usr/lib/gcc/x86_64-linux-gnu/9/../../..]
    arg [CMakeFiles/cmTC_594ed.dir/CMakeCCompilerABI.c.o] ==> ignore
    arg [-lgcc] ==> lib [gcc]
    arg [--push-state] ==> ignore
    arg [--as-needed] ==> ignore
    arg [-lgcc_s] ==> lib [gcc_s]
    arg [--pop-state] ==> ignore
    arg [-lc] ==> lib [c]
    arg [-lgcc] ==> lib [gcc]
    arg [--push-state] ==> ignore
    arg [--as-needed] ==> ignore
    arg [-lgcc_s] ==> lib [gcc_s]
    arg [--pop-state] ==> ignore
    arg [/usr/lib/gcc/x86_64-linux-gnu/9/crtendS.o] ==> ignore
    arg [/usr/lib/gcc/x86_64-linux-gnu/9/../../../x86_64-linux-gnu/crtn.o] ==> ignore
  collapse library dir [/usr/lib/gcc/x86_64-linux-gnu/9] ==> [/usr/lib/gcc/x86_64-linux-gnu/9]
  collapse library dir [/usr/lib/gcc/x86_64-linux-gnu/9/../../../x86_64-linux-gnu] ==> [/usr/lib/x86_64-linux-gnu]
  collapse library dir [/usr/lib/gcc/x86_64-linux-gnu/9/../../../../lib] ==> [/usr/lib]
  collapse library dir [/lib/x86_64-linux-gnu] ==> [/lib/x86_64-linux-gnu]
  collapse library dir [/lib/../lib] ==> [/lib]
  collapse library dir [/usr/lib/x86_64-linux-gnu] ==> [/usr/lib/x86_64-linux-gnu]
  collapse library dir [/usr/lib/../lib] ==> [/usr/lib]
  collapse library dir [/usr/lib/gcc/x86_64-linux-gnu/9/../../..] ==> [/usr/lib]
  implicit libs: [gcc;gcc_s;c;gcc;gcc_s]
  implicit dirs: [/usr/lib/gcc/x86_64-linux-gnu/9;/usr/lib/x86_64-linux-gnu;/usr/lib;/lib/x86_64-linux-gnu;/lib]
  implicit fwks: []


Determining if the CXX compiler works passed with the following output:
Change Dir: /home/student11/linking_lab/build/CMakeFiles/CMakeTmp

Run Build Command(s):/usr/bin/make cmTC_91d53/fast && /usr/bin/make -f CMakeFiles/cmTC_91d53.dir/build.make CMakeFiles/cmTC_91d53.dir/build
make[1]: Entering directory '/home/student11/linking_lab/build/CMakeFiles/CMakeTmp'
Building CXX object CMakeFiles/cmTC_91d53.dir/testCXXCompiler.cxx.o
/usr/bin/c++     -o CMakeFiles/cmTC_91d53.dir/testCXXCompiler.cxx.o -c /home/student11/linking_lab/build/CMakeFiles/CMakeTmp/testCXXCompiler.cxx
Linking CXX executable cmTC_91d53
/usr/bin/cmake -E cmake_link_script CMakeFiles/cmTC_91d53.dir/link.txt --verbose=1
/usr/bin/c++       CMakeFiles/cmTC_91d53.dir/testCXXCompiler.cxx.o  -o cmTC_91d53 
make[1]: Leaving directory '/home/student11/linking_lab/build/CMakeFiles/CMakeTmp'



Detecting CXX compiler ABI info compiled with the following output:
Change Dir: /home/student11/linking_lab/build/CMakeFiles/CMakeTmp

Run Build Command(s):/usr/bin/make cmTC_0b085/fast && /usr/bin/make -f CMakeFiles/cmTC_0b085.dir/build.make CMakeFiles/cmTC_0b085.dir/build
make[1]: Entering directory '/home/student11/linking_lab/build/CMakeFiles/CMakeTmp'
Building CXX object CMakeFiles/cmTC_0b085.dir/CMakeCXXCompilerABI.cpp.o
/usr/bin/c++    -v -o CMakeFiles/cmTC_0b085.dir/CMakeCXXCompilerABI.cpp.o -c /usr/share/cmake-3.16/Modules/CMakeCXXCompilerABI.cpp
Using built-in specs.
COLLECT_GCC=/usr/bin/c++
OFFLOAD_TARGET_NAMES=nvptx-none:hsa
OFFLOAD_TARGET_DEFAULT=1
Target: x86_64-linux-gnu
Configured with: ../src/configure -v --with-pkgversion='Ubuntu 9.4.0-1ubuntu1~20.04.2' --with-bugurl=file:///usr/share/doc/gcc-9/README.Bugs --enable-languages=c,ada,c++,go,brig,d,fortran,objc,obj-c++,gm2 --prefix=/usr --with-gcc-major-version-only --program-suffix=-9 --program-prefix=x86_64-linux-gnu- --enable-shared --enable-linker-build-id --libexecdir=/usr/lib --without-included-gettext --enable-threads=posix --libdir=/usr/lib --enable-nls --enable-clocale=gnu --enable-libstdcxx-debug --enable-libstdcxx-time=yes --with-default-libstdcxx-abi=new --enable-gnu-unique-object --disable-vtable-verify --enable-plugin --enable-default-pie --with-system-zlib --with-target-system-zlib=auto --enable-objc-gc=auto --enable-multiarch --disable-werror --with-arch-32=i686 --with-abi=m64 --with-multilib-list=m32,m64,mx32 --enable-multilib --with-tune=generic --enable-offload-targets=nvptx-none=/build/gcc-9-9QDOt0/gcc-9-9.4.0/debian/tmp-nvptx/usr,hsa --without-cuda-driver --enable-checking=release --build=x86_64-linux-gnu --host=x86_64-linux-gnu --target=x86_64-linux-gnu
Thread model: posix
gcc version 9.4.0 (Ubuntu 9.4.0-1ubuntu1~20.04.2) 
COLLECT_GCC_OPTIONS='-v' '-o' 'CMakeFiles/cmTC_0b085.dir/CMakeCXXCompilerABI.cpp.o' '-c' '-shared-libgcc' '-mtune=generic' '-march=x86-64'
 /usr/lib/gcc/x86_64-linux-gnu/9/cc1plus -quiet -v -imultiarch x86_64-linux-gnu -D_GNU_SOURCE /usr/share/cmake-3.16/Modules/CMakeCXXCompilerABI.cpp -quiet -dumpbase CMakeCXXCompilerABI.cpp -mtune=generic -march=x86-64 -auxbase-strip CMakeFiles/cmTC_0b085.dir/CMakeCXXCompilerABI.cpp.o -version -fasynchronous-unwind-tables -fstack-protector-strong -Wformat -Wformat-security -fstack-clash-protection -fcf-protection -o /tmp/cccjIzuL.s
GNU C++14 (Ubuntu 9.4.0-1ubuntu1~20.04.2) version 9.4.0 (x86_64-linux-gnu)
	compiled by GNU C version 9.4.0, GMP version 6.2.0, MPFR version 4.0.2, MPC version 1.1.0, isl version isl-0.22.1-GMP

GGC heuristics: --param ggc-min-expand=100 --param ggc-min-heapsize=131072
ignoring duplicate directory "/usr/include/x86_64-linux-gnu/c++/9"
ignoring nonexistent directory "/usr/local/include/x86_64-linux-gnu"
ignoring nonexistent directory "/usr/lib/gcc/x86_64-linux-gnu/9/include-fixed"
ignoring nonexistent directory "/usr/lib/gcc/x86_64-linux-gnu/9/../../../../x86_64-linux-gnu/include"
#include "..." search starts here:
#include <...> search starts here:
 /usr/include/c++/9
 /usr/include/x86_64-linux-gnu/c++/9
 /usr/include/c++/9/backward
 /usr/lib/gcc/x86_64-linux-gnu/9/include
 /usr/local/include
 /usr/include/x86_64-linux-gnu
 /usr/include
End of search list.
GNU C++14 (Ubuntu 9.4.0-1ubuntu1~20.04.2) version 9.4.0 (x86_64-linux-gnu)
	compiled by GNU C version 9.4.0, GMP version 6.2.0, MPFR version 4.0.2, MPC version 1.1.0, isl version isl-0.22.1-GMP

GGC heuristics: --param ggc-min-expand=100 --param ggc-min-heapsize=131072
Compiler executable checksum: 3d1eba838554fa2348dba760e4770469
COLLECT_GCC_OPTIONS='-v' '-o' 'CMakeFiles/cmTC_0b085.dir/CMakeCXXCompilerABI.cpp.o' '-c' '-shared-libgcc' '-mtune=generic' '-march=x86-64'
 as -v --64 -o CMakeFiles/cmTC_0b085.dir/CMakeCXXCompilerABI.cpp.o /tmp/cccjIzuL.s
GNU assembler version 2.34 (x86_64-linux-gnu) using BFD version (GNU Binutils for Ubuntu) 2.34
COMPILER_PATH=/usr/lib/gcc/x86_64-linux-gnu/9/:/usr/lib/gcc/x86_64-linux-gnu/9/:/usr/lib/gcc/x86_64-linux-gnu/:/usr/lib/gcc/x86_64-linux-gnu/9/:/usr/lib/gcc/x86_64-linux-gnu/
LIBRARY_PATH=/usr/lib/gcc/x86_64-linux-gnu/9/:/usr/lib/gcc/x86_64-linux-gnu/9/../../../x86_64-linux-gnu/:/usr/lib/gcc/x86_64-linux-gnu/9/../../../../lib/:/lib/x86_64-linux-gnu/:/lib/../lib/:/usr/lib/x86_64-linux-gnu/:/usr/lib/../lib/:/usr/lib/gcc/x86_64-linux-gnu/9/../../../:/lib/:/usr/lib/
COLLECT_GCC_OPTIONS='-v' '-o' 'CMakeFiles/cmTC_0b085.dir/CMakeCXXCompilerABI.cpp.o' '-c' '-shared-libgcc' '-mtune=generic' '-march=x86-64'
Linking CXX executable cmTC_0b085
/usr/bin/cmake -E cmake_link_script CMakeFiles/cmTC_0b085.dir/link.txt --verbose=1
/usr/bin/c++      -v CMakeFiles/cmTC_0b085.dir/CMakeCXXCompilerABI.cpp.o  -o cmTC_0b085 
Using built-in specs.
COLLECT_GCC=/usr/bin/c++
COLLECT_LTO_WRAPPER=/usr/lib/gcc/x86_64-linux-gnu/9/lto-wrapper
OFFLOAD_TARGET_NAMES=nvptx-none:hsa
OFFLOAD_TARGET_DEFAULT=1
Target: x86_64-linux-gnu
Configured with: ../src/configure -v --with-pkgversion='Ubuntu 9.4.0-1ubuntu1~20.04.2' --with-bugurl=file:///usr/share/doc/gcc-9/README.Bugs --enable-languages=c,ada,c++,go,brig,d,fortran,objc,obj-c++,gm2 --prefix=/usr --with-gcc-major-version-only --program-suffix=-9 --program-prefix=x86_64-linux-gnu- --enable-shared --enable-linker-build-id --libexecdir=/usr/lib --without-included-gettext --enable-threads=posix --libdir=/usr/lib --enable-nls --enable-clocale=gnu --enable-libstdcxx-debug --enable-libstdcxx-time=yes --with-default-libstdcxx-abi=new --enable-gnu-unique-object --disable-vtable-verify --enable-plugin --enable-default-pie --with-system-zlib --with-target-system-zlib=auto --enable-objc-gc=auto --enable-multiarch --disable-werror --with-arch-32=i686 --with-abi=m64 --with-multilib-list=m32,m64,mx32 --enable-multilib --with-tune=generic --enable-offload-targets=nvptx-none=/build/gcc-9-9QDOt0/gcc-9-9.4.0/debian/tmp-nvptx/usr,hsa --without-cuda-driver --enable-checking=release --build=x86_64-linux-gnu --host=x86_64-linux-gnu --target=x86_64-linux-gnu
Thread model: posix
gcc version 9.4.0 (Ubuntu 9.4.0-1ubuntu1~20.04.2) 
COMPILER_PATH=/usr/lib/gcc/x86_64-linux-gnu/9/:/usr/lib/gcc/x86_64-linux-gnu/9/:/usr/lib/gcc/x86_64-linux-gnu/:/usr/lib/gcc/x86_64-linux-gnu/9/:/usr/lib/gcc/x86_64-linux-gnu/
LIBRARY_PATH=/usr/lib/gcc/x86_64-linux-gnu/9/:/usr/lib/gcc/x86_64-linux-gnu/9/../../../x86_64-linux-gnu/:/usr/lib/gcc/x86_64-linux-gnu/9/../../../../lib/:/lib/x86_64-linux-gnu/:/lib/../lib/:/usr/lib/x86_64-linux-gnu/:/usr/lib/../lib/:/usr/lib/gcc/x86_64-linux-gnu/9/../../../:/lib/:/usr/lib/
COLLECT_GCC_OPTIONS='-v' '-o' 'cmTC_0b085' '-shared-libgcc' '-mtune=generic' '-march=x86-64'
 /usr/lib/gcc/x86_64-linux-gnu/9/collect2 -plugin /usr/lib/gcc/x86_64-linux-gnu/9/liblto_plugin.so -plugin-opt=/usr/lib/gcc/x86_64-linux-gnu/9/lto-wrapper -plugin-opt=-fresolution=/tmp/cccgmYxe.res -plugin-opt=-pass-through=-lgcc_s -plugin-opt=-pass-through=-lgcc -plugin-opt=-pass-through=-lc -plugin-opt=-pass-through=-lgcc_s -plugin-opt=-pass-through=-lgcc --build-id --eh-frame-hdr -m elf_x86_64 --hash-style=gnu --as-needed -dynamic-linker /lib64/ld-linux-x86-64.so.2 -pie -z now -z relro -o cmTC_0b085 /usr/lib/gcc/x86_64-linux-gnu/9/../../../x86_64-linux-gnu/Scrt1.o /usr/lib/gcc/x86_64-linux-gnu/9/../../../x86_64-linux-gnu/crti.o /usr/lib/gcc/x86_64-linux-gnu/9/crtbeginS.o -L/usr/lib/gcc/x86_64-linux-gnu/9 -L/usr/lib/gcc/x86_64-linux-gnu/9/../../../x86_64-linux-gnu -L/usr/lib/gcc/x86_64-linux-gnu/9/../../../../lib -L/lib/x86_64-linux-gnu -L/lib/../lib -L/usr/lib/x86_64-linux-gnu -L/usr/lib/../lib -L/usr/lib/gcc/x86_64-linux-gnu/9/../../.. CMakeFiles/cmTC_0b085.dir/CMakeCXXCompilerABI.cpp.o -lstdc++ -lm -lgcc_s -lgcc -lc -lgcc_s -lgcc /usr/lib/gcc/x86_64-linux-gnu/9/crtendS.o /usr/lib/gcc/x86_64-linux-gnu/9/../../../x86_64-linux-gnu/crtn.o
COLLECT_GCC_OPTIONS='-v' '-o' 'cmTC_0b085' '-shared-libgcc' '-mtune=generic' '-march=x86-64'
make[1]: Leaving directory '/home/student11/linking_lab/build/CMakeFiles/CMakeTmp'



Parsed CXX implicit include dir info from above output: rv=done
  found start of include info
  found start of implicit include info
    add: [/usr/include/c++/9]
    add: [/usr/include/x86_64-linux-gnu/c++/9]
    add: [/usr/include/c++/9/backward]
    add: [/usr/lib/gcc/x86_64-linux-gnu/9/include]
    add: [/usr/local/include]
    add: [/usr/include/x86_64-linux-gnu]
    add: [/usr/include]
  end of search list found
  collapse include dir [/usr/include/c++/9] ==> [/usr/include/c++/9]
  collapse include dir [/usr/include/x86_64-linux-gnu/c++/9] ==> [/usr/include/x86_64-linux-gnu/c++/9]
  collapse include dir [/usr/include/c++/9/backward] ==> [/usr/include/c++/9/backward]
  collapse include dir [/usr/lib/gcc/x86_64-linux-gnu/9/include] ==> [/usr/lib/gcc/x86_64-linux-gnu/9/include]
  collapse include dir [/usr/local/include] ==> [/usr/local/include]
  collapse include dir [/usr/include/x86_64-linux-gnu] ==> [/usr/include/x86_64-linux-gnu]
  collapse include dir [/usr/include] ==> [/usr/include]
  implicit include dirs: [/usr/include/c++/9;/usr/include/x86_64-linux-gnu/c++/9;/usr/include/c++/9/backward;/usr/lib/gcc/x86_64-linux-gnu/9/include;/usr/local/include;/usr/include/x86_64-linux-gnu;/usr/include]


Parsed CXX implicit link information from above output:
  link line regex: [^( *|.*[/\])(ld|CMAKE_LINK_STARTFILE-NOTFOUND|([^/\]+-)?ld|collect2)[^/\]*( |$)]
  ignore line: [Change Dir: /home/student11/linking_lab/build/CMakeFiles/CMakeTmp]
  ignore line: []
  ignore line: [Run Build Command(s):/usr/bin/make cmTC_0b085/fast && /usr/bin/make -f CMakeFiles/cmTC_0b085.dir/build.make CMakeFiles/cmTC_0b085.dir/build]
  ignore line: [make[1]: Entering directory '/home/student11/linking_lab/build/CMakeFiles/CMakeTmp']
  ignore line: [Building CXX object CMakeFiles/cmTC_0b085.dir/CMakeCXXCompilerABI.cpp.o]
  ignore line: [/usr/bin/c++    -v -o CMakeFiles/cmTC_0b085.dir/CMakeCXXCompilerABI.cpp.o -c /usr/share/cmake-3.16/Modules/CMakeCXXCompilerABI.cpp]
  ignore line: [Using built-in specs.]
  ignore line: [COLLECT_GCC=/usr/bin/c++]
  ignore line: [OFFLOAD_TARGET_NAMES=nvptx-none:hsa]
  ignore line: [OFFLOAD_TARGET_DEFAULT=1]
  ignore line: [Target: x86_64-linux-gnu]
  ignore line: [Configured with: ../src/configure -v --with-pkgversion='Ubuntu 9.4.0-1ubuntu1~20.04.2' --with-bugurl=file:///usr/share/doc/gcc-9/README.Bugs --enable-languages=c ada c++ go brig d fortran objc obj-c++ gm2 --prefix=/usr --with-gcc-major-version-only --program-suffix=-9 --program-prefix=x86_64-linux-gnu- --enable-shared --enable-linker-build-id --libexecdir=/usr/lib --without-included-gettext --enable-threads=posix --libdir=/usr/lib --enable-nls --enable-clocale=gnu --enable-libstdcxx-debug --enable-libstdcxx-time=yes --with-default-libstdcxx-abi=new --enable-gnu-unique-object --disable-vtable-verify --enable-plugin --enable-default-pie --with-system-zlib --with-target-system-zlib=auto --enable-objc-gc=auto --enable-multiarch --disable-werror --with-arch-32=i686 --with-abi=m64 --with-multilib-list=m32 m64 mx32 --enable-multilib --with-tune=generic --enable-offload-targets=nvptx-none=/build/gcc-9-9QDOt0/gcc-9-9.4.0/debian/tmp-nvptx/usr hsa --without-cuda-driver --enable-checking=release --build=x86_64-linux-gnu --host=x86_64-linux-gnu --target=x86_64-linux-gnu]
  ignore line: [Thread model: posix]
  ignore line: [gcc version 9.4.0 (Ubuntu 9.4.0-1ubuntu1~20.04.2) ]
  ignore line: [COLLECT_GCC_OPTIONS='-v' '-o' 'CMakeFiles/cmTC_0b085.dir/CMakeCXXCompilerABI.cpp.o' '-c' '-shared-libgcc' '-mtune=generic' '-march=x86-64']
  ignore line: [ /usr/lib/gcc/x86_64-linux-gnu/9/cc1plus -quiet -v -imultiarch x86_64-linux-gnu -D_GNU_SOURCE /usr/share/cmake-3.16/Modules/CMakeCXXCompilerABI.cpp -quiet -dumpbase CMakeCXXCompilerABI.cpp -mtune=generic -march=x86-64 -auxbase-strip CMakeFiles/cmTC_0b085.dir/CMakeCXXCompilerABI.cpp.o -version -fasynchronous-unwind-tables -fstack-protector-strong -Wformat -Wformat-security -fstack-clash-protection -fcf-protection -o /tmp/cccjIzuL.s]
  ignore line: [GNU C++14 (Ubuntu 9.4.0-1ubuntu1~20.04.2) version 9.4.0 (x86_64-linux-gnu)]
  ignore line: [	compiled by GNU C version 9.4.0  GMP version 6.2.0  MPFR version 4.0.2  MPC version 1.1.0  isl version isl-0.22.1-GMP]
  ignore line: []
  ignore line: [GGC heuristics: --param ggc-min-expand=100 --param ggc-min-heapsize=131072]
  ignore line: [ignoring duplicate directory "/usr/include/x86_64-linux-gnu/c++/9"]
  ignore line: [ignoring nonexistent directory "/usr/local/include/x86_64-linux-gnu"]
  ignore line: [ignoring nonexistent directory "/usr/lib/gcc/x86_64-linux-gnu/9/include-fixed"]
  ignore line: [ignoring nonexistent directory "/usr/lib/gcc/x86_64-linux-gnu/9/../../../../x86_64-linux-gnu/include"]
  ignore line: [#include "..." search starts here:]
  ignore line: [#include <...> search starts here:]
  ignore line: [ /usr/include/c++/9]
  ignore line: [ /usr/include/x86_64-linux-gnu/c++/9]
  ignore line: [ /usr/include/c++/9/backward]
  ignore line: [ /usr/lib/gcc/x86_64-linux-gnu/9/include]
  ignore line: [ /usr/local/include]
  ignore line: [ /usr/include/x86_64-linux-gnu]
  ignore line: [ /usr/include]
  ignore line: [End of search list.]
  ignore line: [GNU C++14 (Ubuntu 9.4.0-1ubuntu1~20.04.2) version 9.4.0 (x86_64-linux-gnu)]
  ignore line: [	compiled by GNU C version 9.4.0  GMP version 6.2.0  MPFR version 4.0.2  MPC version 1.1.0  isl version isl-0.22.1-GMP]
  ignore line: []
  ignore line: [GGC heuristics: --param ggc-min-expand=100 --param ggc-min-heapsize=131072]
  ignore line: [Compiler executable checksum: 3d1eba838554fa2348dba760e4770469]
  ignore line: [COLLECT_GCC_OPTIONS='-v' '-o' 'CMakeFiles/cmTC_0b085.dir/CMakeCXXCompilerABI.cpp.o' '-c' '-shared-libgcc' '-mtune=generic' '-march=x86-64']
  ignore line: [ as -v --64 -o CMakeFiles/cmTC_0b085.dir/CMakeCXXCompilerABI.cpp.o /tmp/cccjIzuL.s]
  ignore line: [GNU assembler version 2.34 (x86_64-linux-gnu) using BFD version (GNU Binutils for Ubuntu) 2.34]
  ignore line: [COMPILER_PATH=/usr/lib/gcc/x86_64-linux-gnu/9/:/usr/lib/gcc/x86_64-linux-gnu/9/:/usr/lib/gcc/x86_64-linux-gnu/:/usr/lib/gcc/x86_64-linux-gnu/9/:/usr/lib/gcc/x86_64-linux-gnu/]
  ignore line: [LIBRARY_PATH=/usr/lib/gcc/x86_64-linux-gnu/9/:/usr/lib/gcc/x86_64-linux-gnu/9/../../../x86_64-linux-gnu/:/usr/lib/gcc/x86_64-linux-gnu/9/../../../../lib/:/lib/x86_64-linux-gnu/:/lib/../lib/:/usr/lib/x86_64-linux-gnu/:/usr/lib/../lib/:/usr/lib/gcc/x86_64-linux-gnu/9/../../../:/lib/:/usr/lib/]
  ignore line: [COLLECT_GCC_OPTIONS='-v' '-o' 'CMakeFiles/cmTC_0b085.dir/CMakeCXXCompilerABI.cpp.o' '-c' '-shared-libgcc' '-mtune=generic' '-march=x86-64']
  ignore line: [Linking CXX executable cmTC_0b085]
  ignore line: [/usr/bin/cmake -E cmake_link_script CMakeFiles/cmTC_0b085.dir/link.txt --verbose=1]
  ignore line: [/usr/bin/c++      -v CMakeFiles/cmTC_0b085.dir/CMakeCXXCompilerABI.cpp.o  -o cmTC_0b085 ]
  ignore line: [Using built-in specs.]
  ignore line: [COLLECT_GCC=/usr/bin/c++]
  ignore line: [COLLECT_LTO_WRAPPER=/usr/lib/gcc/x86_64-linux-gnu/9/lto-wrapper]
  ignore line: [OFFLOAD_TARGET_NAMES=nvptx-none:hsa]
  ignore line: [OFFLOAD_TARGET_DEFAULT=1]
  ignore line: [Target: x86_64-linux-gnu]
  ignore line: [Configured with: ../src/configure -v --with-pkgversion='Ubuntu 9.4.0-1ubuntu1~20.04.2' --with-bugurl=file:///usr/share/doc/gcc-9/README.Bugs --enable-languages=c ada c++ go brig d fortran objc obj-c++ gm2 --prefix=/usr --with-gcc-major-version-only --program-suffix=-9 --program-prefix=x86_64-linux-gnu- --enable-shared --enable-linker-build-id --libexecdir=/usr/lib --without-included-gettext --enable-threads=posix --libdir=/usr/lib --enable-nls --enable-clocale=gnu --enable-libstdcxx-debug --enable-libstdcxx-time=yes --with-default-libstdcxx-abi=new --enable-gnu-unique-object --disable-vtable-verify --enable-plugin --enable-default-pie --with-system-zlib --with-target-system-zlib=auto --enable-objc-gc=auto --enable-multiarch --disable-werror --with-arch-32=i686 --with-abi=m64 --with-multilib-list=m32 m64 mx32 --enable-multilib --with-tune=generic --enable-offload-targets=nvptx-none=/build/gcc-9-9QDOt0/gcc-9-9.4.0/debian/tmp-nvptx/usr hsa --without-cuda-driver --enable-checking=release --build=x86_64-linux-gnu --host=x86_64-linux-gnu --target=x86_64-linux-gnu]
  ignore line: [Thread model: posix]
  ignore line: [gcc version 9.4.0 (Ubuntu 9.4.0-1ubuntu1~20.04.2) ]
  ignore line: [COMPILER_PATH=/usr/lib/gcc/x86_64-linux-gnu/9/:/usr/lib/gcc/x86_64-linux-gnu/9/:/usr/lib/gcc/x86_64-linux-gnu/:/usr/lib/gcc/x86_64-linux-gnu/9/:/usr/lib/gcc/x86_64-linux-gnu/]
  ignore line: [LIBRARY_PATH=/usr/lib/gcc/x86_64-linux-gnu/9/:/usr/lib/gcc/x86_64-linux-gnu/9/../../../x86_64-linux-gnu/:/usr/lib/gcc/x86_64-linux-gnu/9/../../../../lib/:/lib/x86_64-linux-gnu/:/lib/../lib/:/usr/lib/x86_64-linux-gnu/:/usr/lib/../lib/:/usr/lib/gcc/x86_64-linux-gnu/9/../../../:/lib/:/usr/lib/]
  ignore line: [COLLECT_GCC_OPTIONS='-v' '-o' 'cmTC_0b085' '-shared-libgcc' '-mtune=generic' '-march=x86-64']
  link line: [ /usr/lib/gcc/x86_64-linux-gnu/9/collect2 -plugin /usr/lib/gcc/x86_64-linux-gnu/9/liblto_plugin.so -plugin-opt=/usr/lib/gcc/x86_64-linux-gnu/9/lto-wrapper -plugin-opt=-fresolution=/tmp/cccgmYxe.res -plugin-opt=-pass-through=-lgcc_s -plugin-opt=-pass-through=-lgcc -plugin-opt=-pass-through=-lc -plugin-opt=-pass-through=-lgcc_s -plugin-opt=-pass-through=-lgcc --build-id --eh-frame-hdr -m elf_x86_64 --hash-style=gnu --as-needed -dynamic-linker /lib64/ld-linux-x86-64.so.2 -pie -z now -z relro -o cmTC_0b085 /usr/lib/gcc/x86_64-linux-gnu/9/../../../x86_64-linux-gnu/Scrt1.o /usr/lib/gcc/x86_64-linux-gnu/9/../../../x86_64-linux-gnu/crti.o /usr/lib/gcc/x86_64-linux-gnu/9/crtbeginS.o -L/usr/lib/gcc/x86_64-linux-gnu/9 -L/usr/lib/gcc/x86_64-linux-gnu/9/../../../x86_64-linux-gnu -L/usr/lib/gcc/x86_64-linux-gnu/9/../../../../lib -L/lib/x86_64-linux-gnu -L/lib/../lib -L/usr/lib/x86_64-linux-gnu -L/usr/lib/../lib -L/usr/lib/gcc/x86_64-linux-gnu/9/../../.. CMakeFiles/cmTC_0b085.dir/CMakeCXXCompilerABI.cpp.o -lstdc++ -lm -lgcc_s -lgcc -lc -lgcc_s -lgcc /usr/lib/gcc/x86_64-linux-gnu/9/crtendS.o /usr/lib/gcc/x86_64-linux-gnu/9/../../../x86_64-linux-gnu/crtn.o]
    arg [/usr/lib/gcc/x86_64-linux-gnu/9/collect2] ==> ignore
    arg [-plugin] ==> ignore
    arg [/usr/lib/gcc/x86_64-linux-gnu/9/liblto_plugin.so] ==> ignore
    arg [-plugin-opt=/usr/lib/gcc/x86_64-linux-gnu/9/lto-wrapper] ==> ignore
    arg [-plugin-opt=-fresolution=/tmp/cccgmYxe.res] ==> ignore
    arg [-plugin-opt=-pass-through=-lgcc_s] ==> ignore
    arg [-plugin-opt=-pass-through=-lgcc] ==> ignore
    arg [-plugin-opt=-pass-through=-lc] ==> ignore
    arg [-plugin-opt=-pass-through=-lgcc_s] ==> ignore
    arg [-plugin-opt=-pass-through=-lgcc] ==> ignore
    arg [--build-id] ==> ignore
    arg [--eh-frame-hdr] ==> ignore
    arg [-m] ==> ignore
    arg [elf_x86_64] ==> ignore
    arg [--hash-style=gnu] ==> ignore
    arg [--as-needed] ==> ignore
    arg [-dynamic-linker] ==> ignore
    arg [/lib64/ld-linux-x86-64.so.2] ==> ignore
    arg [-pie] ==> ignore
    arg [-znow] ==> ignore
    arg [-zrelro] ==> ignore
    arg [-o] ==> ignore
    arg [cmTC_0b085] ==> ignore
    arg [/usr/lib/gcc/x86_64-linux-gnu/9/../../../x86_64-linux-gnu/Scrt1.o] ==> ignore
    arg [/usr/lib/gcc/x86_64-linux-gnu/9/../../../x86_64-linux-gnu/crti.o] ==> ignore
    arg [/usr/lib/gcc/x86_64-linux-gnu/9/crtbeginS.o] ==> ignore
    arg [-L/usr/lib/gcc/x86_64-linux-gnu/9] ==> dir [/usr/lib/gcc/x86_64-linux-gnu/9]
    arg [-L/usr/lib/gcc/x86_64-linux-gnu/9/../../../x86_64-linux-gnu] ==> dir [/usr/lib/gcc/x86_64-linux-gnu/9/../../../x86_64-linux-gnu]
    arg [-L/usr/lib/gcc/x86_64-linux-gnu/9/../../../../lib] ==> dir [/usr/lib/gcc/x86_64-linux-gnu/9/../../../../lib]
    arg [-L/lib/x86_64-linux-gnu] ==> dir [/lib/x86_64-linux-gnu]
    arg [-L/lib/../lib] ==> dir [/lib/../lib]
    arg [-L/usr/lib/x86_64-linux-gnu] ==> dir [/usr/lib/x86_64-linux-gnu]
    arg [-L/usr/lib/../lib] ==> dir [/usr/lib/../lib]
    arg [-L/usr/lib/gcc/x86_64-linux-gnu/9/../../..] ==> dir [/usr/lib/gcc/x86_64-linux-gnu/9/../../..]
    arg [CMakeFiles/cmTC_0b085.dir/CMakeCXXCompilerABI.cpp.o] ==> ignore
    arg [-lstdc++] ==> lib [stdc++]
    arg [-lm] ==> lib [m]
    arg [-lgcc_s] ==> lib [gcc_s]
    arg [-lgcc] ==> lib [gcc]
    arg [-lc] ==> lib [c]
    arg [-lgcc_s] ==> lib [gcc_s]
    arg [-lgcc] ==> lib [gcc]
    arg [/usr/lib/gcc/x86_64-linux-gnu/9/crtendS.o] ==> ignore
    arg [/usr/lib/gcc/x86_64-linux-gnu/9/../../../x86_64-linux-gnu/crtn.o] ==> ignore
  collapse library dir [/usr/lib/gcc/x86_64-linux-gnu/9] ==> [/usr/lib/gcc/x86_64-linux-gnu/9]
  collapse library dir [/usr/lib/gcc/x86_64-linux-gnu/9/../../../x86_64-linux-gnu] ==> [/usr/lib/x86_64-linux-gnu]
  collapse library dir [/usr/lib/gcc/x86_64-linux-gnu/9/../../../../lib] ==> [/usr/lib]
  collapse library dir [/lib/x86_64-linux-gnu] ==> [/lib/x86_64-linux-gnu]
  collapse library dir [/lib/../lib] ==> [/lib]
  collapse library dir [/usr/lib/x86_64-linux-gnu] ==> [/usr/lib/x86_64-linux-gnu]
  collapse library dir [/usr/lib/../lib] ==> [/usr/lib]
  collapse library dir [/usr/lib/gcc/x86_64-linux-gnu/9/../../..] ==> [/usr/lib]
  implicit libs: [stdc++;m;gcc_s;gcc;c;gcc_s;gcc]
  implicit dirs: [/usr/lib/gcc/x86_64-linux-gnu/9;/usr/lib/x86_64-linux-gnu;/usr/lib;/lib/x86_64-linux-gnu;/lib]
  implicit fwks: []


Determining if the include file pthread.h exists passed with the following output:
Change Dir: /home/student11/linking_lab/build/CMakeFiles/CMakeTmp

Run Build Command(s):/usr/bin/make cmTC_af0a4/fast && /usr/bin/make -f CMakeFiles/cmTC_af0a4.dir/build.make CMakeFiles/cmTC_af0a4.dir/build
make[1]: Entering directory '/home/student11/linking_lab/build/CMakeFiles/CMakeTmp'
Building C object CMakeFiles/cmTC_af0a4.dir/CheckIncludeFile.c.o
/usr/bin/cc    -o CMakeFiles/cmTC_af0a4.dir/CheckIncludeFile.c.o   -c /home/student11/linking_lab/build/CMakeFiles/CMakeTmp/CheckIncludeFile.c
Linking C executable cmTC_af0a4
/usr/bin/cmake -E cmake_link_script CMakeFiles/cmTC_af0a4.dir/link.txt --verbose=1
/usr/bin/cc      CMakeFiles/cmTC_af0a4.dir/CheckIncludeFile.c.o  -o cmTC_af0a4 
make[1]: Leaving directory '/home/student11/linking_lab/build/CMakeFiles/CMakeTmp'



Determining if the function pthread_create exists in the pthread passed with the following output:
Change Dir: /home/student11/linking_lab/build/CMakeFiles/CMakeTmp

Run Build Command(s):/usr/bin/make cmTC_fa5f9/fast && /usr/bin/make -f CMakeFiles/cmTC_fa5f9.dir/build.make CMakeFiles/cmTC_fa5f9.dir/build
make[1]: Entering directory '/home/student11/linking_lab/build/CMakeFiles/CMakeTmp'
Building C object CMakeFiles/cmTC_fa5f9.dir/CheckFunctionExists.c.o
/usr/bin/cc   -DCHECK_FUNCTION_EXISTS=pthread_create   -o CMakeFiles/cmTC_fa5f9.dir/CheckFunctionExists.c.o   -c /usr/share/cmake-3.16/Modules/CheckFunctionExists.c
Linking C executable cmTC_fa5f9
/usr/bin/cmake -E cmake_link_script CMakeFiles/cmTC_fa5f9.dir/link.txt --verbose=1
/usr/bin/cc  -DCHECK_FUNCTION_EXISTS=pthread_create    CMakeFiles/cmTC_fa5f9.dir/CheckFunctionExists.c.o  -o cmTC_fa5f9  -lpthread 
make[1]: Leaving directory '/home/student11/linking_lab/build/CMakeFiles/CMakeTmp'



Determining if the include file unistd.h exists passed with the following output:
Change Dir: /home/student11/linking_lab/build/CMakeFiles/CMakeTmp

Run Build Command(s):/usr/bin/make cmTC_e9f77/fast && /usr/bin/make -f CMakeFiles/cmTC_e9f77.dir/build.make CMakeFiles/cmTC_e9f77.dir/build
make[1]: Entering directory '/home/student11/linking_lab/build/CMakeFiles/CMakeTmp'
Building C object CMakeFiles/cmTC_e9f77.dir/CheckIncludeFile.c.o
/usr/bin/cc   -std=c11 -o CMakeFiles/cmTC_e9f77.dir/CheckIncludeFile.c.o   -c /home/student11/linking_lab/build/CMakeFiles/CMakeTmp/CheckIncludeFile.c
Linking C executable cmTC_e9f77
/usr/bin/cmake -E cmake_link_script CMakeFiles/cmTC_e9f77.dir/link.txt --verbose=1
/usr/bin/cc      CMakeFiles/cmTC_e9f77.dir/CheckIncludeFile.c.o  -o cmTC_e9f77 
make[1]: Leaving directory '/home/student11/linking_lab/build/CMakeFiles/CMakeTmp'



Determining if the function snappy_compress exists in the snappy passed with the following output:
Change Dir: /home/student11/linking_lab/build/CMakeFiles/CMakeTmp

Run Build Command(s):/usr/bin/make cmTC_c5654/fast && /usr/bin/make -f CMakeFiles/cmTC_c5654.dir/build.make CMakeFiles/cmTC_c5654.dir/build
make[1]: Entering directory '/home/student11/linking_lab/build/CMakeFiles/CMakeTmp'
Building C object CMakeFiles/cmTC_c5654.dir/CheckFunctionExists.c.o
/usr/bin/cc   -DCHECK_FUNCTION_EXISTS=snappy_compress   -std=c11 -o CMakeFiles/cmTC_c5654.dir/CheckFunctionExists.c.o   -c /usr/share/cmake-3.16/Modules/CheckFunctionExists.c
Linking C executable cmTC_c5654
/usr/bin/cmake -E cmake_link_script CMakeFiles/cmTC_c5654.dir/link.txt --verbose=1
/usr/bin/cc  -DCHECK_FUNCTION_EXISTS=snappy_compress    CMakeFiles/cmTC_c5654.dir/CheckFunctionExists.c.o  -o cmTC_c5654  -lsnappy 
make[1]: Leaving directory '/home/student11/linking_lab/build/CMakeFiles/CMakeTmp'



Determining if the fdatasync exist passed with the following output:
Change Dir: /home/student11/linking_lab/build/CMakeFiles/CMakeTmp

Run Build Command(s):/usr/bin/make cmTC_d8907/fast && /usr/bin/make -f CMakeFiles/cmTC_d8907.dir/build.make CMakeFiles/cmTC_d8907.dir/build
make[1]: Entering directory '/home/student11/linking_lab/build/CMakeFiles/CMakeTmp'
Building CXX object CMakeFiles/cmTC_d8907.dir/CheckSymbolExists.cxx.o
/usr/bin/c++    -std=c++11 -o CMakeFiles/cmTC_d8907.dir/CheckSymbolExists.cxx.o -c /home/student11/linking_lab/build/CMakeFiles/CMakeTmp/CheckSymbolExists.cxx
Linking CXX executable cmTC_d8907
/usr/bin/cmake -E cmake_link_script CMakeFiles/cmTC_d8907.dir/link.txt --verbose=1
/usr/bin/c++       CMakeFiles/cmTC_d8907.dir/CheckSymbolExists.cxx.o  -o cmTC_d8907 
make[1]: Leaving directory '/home/student11/linking_lab/build/CMakeFiles/CMakeTmp'


File /home/student11/linking_lab/build/CMakeFiles/CMakeTmp/CheckSymbolExists.cxx:
/* */
#include <unistd.h>

int main(int argc, char** argv)
{
  (void)argv;
#ifndef fdatasync
  return ((int*)(&fdatasync))[argc];
#else
  (void)argc;
  return 0;
#endif
}
Determining if the O_CLOEXEC exist passed with the following output:
Change Dir: /home/student11/linking_lab/build/CMakeFiles/CMakeTmp

Run Build Command(s):/usr/bin/make cmTC_fcc80/fast && /usr/bin/make -f CMakeFiles/cmTC_fcc80.dir/build.make CMakeFiles/cmTC_fcc80.dir/build
make[1]: Entering directory '/home/student11/linking_lab/build/CMakeFiles/CMakeTmp'
Building CXX object CMakeFiles/cmTC_fcc80.dir/CheckSymbolExists.cxx.o
/usr/bin/c++    -std=c++11 -o CMakeFiles/cmTC_fcc80.dir/CheckSymbolExists.cxx.o -c /home/student11/linking_lab/build/CMakeFiles/CMakeTmp/CheckSymbolExists.cxx
Linking CXX executable cmTC_fcc80
/usr/bin/cmake -E cmake_link_script CMakeFiles/cmTC_fcc80.dir/link.txt --verbose=1
/usr/bin/c++       CMakeFiles/cmTC_fcc80.dir/CheckSymbolExists.cxx.o  -o cmTC_fcc80 
make[1]: Leaving directory '/home/student11/linking_lab/build/CMakeFiles/CMakeTmp'


File /home/student11/linking_lab/build/CMakeFiles/CMakeTmp/CheckSymbolExists.cxx:
/* */
#include <fcntl.h>

int main(int argc, char** argv)
{
  (void)argv;
#ifndef O_CLOEXEC
  return ((int*)(&O_CLOEXEC))[argc];
#else
  (void)argc;
  return 0;
#endif
}
Performing C++ SOURCE FILE Test LEVELDB_HAVE_NO_MISSING_FIELD_INITIALIZERS succeeded with the following output:
Change Dir: /home/student11/linking_lab/build/CMakeFiles/CMakeTmp

Run Build Command(s):/usr/bin/make cmTC_e7aeb/fast && /usr/bin/make -f CMakeFiles/cmTC_e7aeb.dir/build.make CMakeFiles/cmTC_e7aeb.dir/build
make[1]: Entering directory '/home/student11/linking_lab/build/CMakeFiles/CMakeTmp'
Building CXX object CMakeFiles/cmTC_e7aeb.dir/src.cxx.o
/usr/bin/c++    -fno-exceptions -fno-rtti -DLEVELDB_HAVE_NO_MISSING_FIELD_INITIALIZERS   -Wno-missing-field-initializers -std=c++11 -o CMakeFiles/cmTC_e7aeb.dir/src.cxx.o -c /home/student11/linking_lab/build/CMakeFiles/CMakeTmp/src.cxx
Linking CXX executable cmTC_e7aeb
/usr/bin/cmake -E cmake_link_script CMakeFiles/cmTC_e7aeb.dir/link.txt --verbose=1
/usr/bin/c++   -fno-exceptions -fno-rtti -DLEVELDB_HAVE_NO_MISSING_FIELD_INITIALIZERS    CMakeFiles/cmTC_e7aeb.dir/src.cxx.o  -o cmTC_e7aeb 
make[1]: Leaving directory '/home/student11/linking_lab/build/CMakeFiles/CMakeTmp'


Source file was:
int main() { return 0; }
Performing C++ SOURCE FILE Test HAVE_CXX17_HAS_INCLUDE succeeded with the following output:
Change Dir: /home/student11/linking_lab/build/CMakeFiles/CMakeTmp

Run Build Command(s):/usr/bin/make cmTC_3f3ce/fast && /usr/bin/make -f CMakeFiles/cmTC_3f3ce.dir/build.make CMakeFiles/cmTC_3f3ce.dir/build
make[1]: Entering directory '/home/student11/linking_lab/build/CMakeFiles/CMakeTmp'
Building CXX object CMakeFiles/cmTC_3f3ce.dir/src.cxx.o
/usr/bin/c++    -fno-exceptions -fno-rtti -DHAVE_CXX17_HAS_INCLUDE   -std=c++11 -o CMakeFiles/cmTC_3f3ce.dir/src.cxx.o -c /home/student11/linking_lab/build/CMakeFiles/CMakeTmp/src.cxx
Linking CXX executable cmTC_3f3ce
/usr/bin/cmake -E cmake_link_script CMakeFiles/cmTC_3f3ce.dir/link.txt --verbose=1
/usr/bin/c++   -fno-exceptions -fno-rtti -DHAVE_CXX17_HAS_INCLUDE    CMakeFiles/cmTC_3f3ce.dir/src.cxx.o  -o cmTC_3f3ce 
make[1]: Leaving directory '/home/student11/linking_lab/build/CMakeFiles/CMakeTmp'


Source file was:

#if defined(__has_include) &&  __has_include(<string>)
#include <string>
#endif
int main() { std::string str; return 0; }

Determining if the function shm_open exists in the rt passed with the following output:
Change Dir: /home/student11/linking_lab/build/CMakeFiles/CMakeTmp

Run Build Command(s):/usr/bin/make cmTC_79bf1/fast && /usr/bin/make -f CMakeFiles/cmTC_79bf1.dir/build.make CMakeFiles/cmTC_79bf1.dir/build
make[1]: Entering directory '/home/student11/linking_lab/build/CMakeFiles/CMakeTmp'
Building C object CMakeFiles/cmTC_79bf1.dir/CheckFunctionExists.c.o
/usr/bin/cc   -Wstrict-prototypes -DCHECK_FUNCTION_EXISTS=shm_open   -std=c11 -o CMakeFiles/cmTC_79bf1.dir/CheckFunctionExists.c.o   -c /usr/share/cmake-3.16/Modules/CheckFunctionExists.c
Linking C executable cmTC_79bf1
/usr/bin/cmake -E cmake_link_script CMakeFiles/cmTC_79bf1.dir/link.txt --verbose=1
/usr/bin/cc  -Wstrict-prototypes -DCHECK_FUNCTION_EXISTS=shm_open    CMakeFiles/cmTC_79bf1.dir/CheckFunctionExists.c.o  -o cmTC_79bf1  -lrt 
make[1]: Leaving directory '/home/student11/linking_lab/build/CMakeFiles/CMakeTmp'



Performing C++ SOURCE FILE Test HAVE_CXX_FLAG_WALL succeeded with the following output:
Change Dir: /home/student11/linking_lab/build/CMakeFiles/CMakeTmp

Run Build Command(s):/usr/bin/make cmTC_876cd/fast && /usr/bin/make -f CMakeFiles/cmTC_876cd.dir/build.make CMakeFiles/cmTC_876cd.dir/build
make[1]: Entering directory '/home/student11/linking_lab/build/CMakeFiles/CMakeTmp'
Building CXX object CMakeFiles/cmTC_876cd.dir/src.cxx.o
/usr/bin/c++    -fno-exceptions -fno-rtti -DHAVE_CXX_FLAG_WALL  -Wall   -Wall -std=c++11 -o CMakeFiles/cmTC_876cd.dir/src.cxx.o -c /home/student11/linking_lab/build/CMakeFiles/CMakeTmp/src.cxx
Linking CXX executable cmTC_876cd
/usr/bin/cmake -E cmake_link_script CMakeFiles/cmTC_876cd.dir/link.txt --verbose=1
/usr/bin/c++   -fno-exceptions -fno-rtti -DHAVE_CXX_FLAG_WALL  -Wall    CMakeFiles/cmTC_876cd.dir/src.cxx.o  -o cmTC_876cd 
make[1]: Leaving directory '/home/student11/linking_lab/build/CMakeFiles/CMakeTmp'


Source file was:
int main() { return 0; }
Performing C++ SOURCE FILE Test HAVE_CXX_FLAG_WEXTRA succeeded with the following output:
Change Dir: /home/student11/linking_lab/build/CMakeFiles/CMakeTmp

Run Build Command(s):/usr/bin/make cmTC_022b8/fast && /usr/bin/make -f CMakeFiles/cmTC_022b8.dir/build.make CMakeFiles/cmTC_022b8.dir/build
make[1]: Entering directory '/home/student11/linking_lab/build/CMakeFiles/CMakeTmp'
Building CXX object CMakeFiles/cmTC_022b8.dir/src.cxx.o
/usr/bin/c++    -fno-exceptions -fno-rtti  -Wall -DHAVE_CXX_FLAG_WEXTRA  -Wextra   -Wextra -std=c++11 -o CMakeFiles/cmTC_022b8.dir/src.cxx.o -c /home/student11/linking_lab/build/CMakeFiles/CMakeTmp/src.cxx
Linking CXX executable cmTC_022b8
/usr/bin/cmake -E cmake_link_script CMakeFiles/cmTC_022b8.dir/link.txt --verbose=1
/usr/bin/c++   -fno-exceptions -fno-rtti  -Wall -DHAVE_CXX_FLAG_WEXTRA  -Wextra    CMakeFiles/cmTC_022b8.dir/src.cxx.o  -o cmTC_022b8 
make[1]: Leaving directory '/home/student11/linking_lab/build/CMakeFiles/CMakeTmp'


Source file was:
int main() { return 0; }
Performing C++ SOURCE FILE Test HAVE_CXX_FLAG_WSHADOW succeeded with the following output:
Change Dir: /home/student11/linking_lab/build/CMakeFiles/CMakeTmp

Run Build Command(s):/usr/bin/make cmTC_4f67c/fast && /usr/bin/make -f CMakeFiles/cmTC_4f67c.dir/build.make CMakeFiles/cmTC_4f67c.dir/build
make[1]: Entering directory '/home/student11/linking_lab/build/CMakeFiles/CMakeTmp'
Building CXX object CMakeFiles/cmTC_4f67c.dir/src.cxx.o
/usr/bin/c++    -fno-exceptions -fno-rtti  -Wall  -Wextra -DHAVE_CXX_FLAG_WSHADOW  -Wshadow   -Wshadow -std=c++11 -o CMakeFiles/cmTC_4f67c.dir/src.cxx.o -c /home/student11/linking_lab/build/CMakeFiles/CMakeTmp/src.cxx
Linking CXX executable cmTC_4f67c
/usr/bin/cmake -E cmake_link_script CMakeFiles/cmTC_4f67c.dir/link.txt --verbose=1
/usr/bin/c++   -fno-exceptions -fno-rtti  -Wall  -Wextra -DHAVE_CXX_FLAG_WSHADOW  -Wshadow    CMakeFiles/cmTC_4f67c.dir/src.cxx.o  -o cmTC_4f67c 
make[1]: Leaving directory '/home/student11/linking_lab/build/CMakeFiles/CMakeTmp'


Source file was:
int main() { return 0; }
Performing C++ SOURCE FILE Test HAVE_CXX_FLAG_WFLOAT_EQUAL succeeded with the following output:
Change Dir: /home/student11/linking_lab/build/CMakeFiles/CMakeTmp

Run Build Command(s):/usr/bin/make cmTC_a8a1b/fast && /usr/bin/make -f CMakeFiles/cmTC_a8a1b.dir/build.make CMakeFiles/cmTC_a8a1b.dir/build
make[1]: Entering directory '/home/student11/linking_lab/build/CMakeFiles/CMakeTmp'
Building CXX object CMakeFiles/cmTC_a8a1b.dir/src.cxx.o
/usr/bin/c++    -fno-exceptions -fno-rtti  -Wall  -Wextra  -Wshadow -DHAVE_CXX_FLAG_WFLOAT_EQUAL  -Wfloat-equal   -Wfloat-equal -std=c++11 -o CMakeFiles/cmTC_a8a1b.dir/src.cxx.o -c /home/student11/linking_lab/build/CMakeFiles/CMakeTmp/src.cxx
Linking CXX executable cmTC_a8a1b
/usr/bin/cmake -E cmake_link_script CMakeFiles/cmTC_a8a1b.dir/link.txt --verbose=1
/usr/bin/c++   -fno-exceptions -fno-rtti  -Wall  -Wextra  -Wshadow -DHAVE_CXX_FLAG_WFLOAT_EQUAL  -Wfloat-equal    CMakeFiles/cmTC_a8a1b.dir/src.cxx.o  -o cmTC_a8a1b 
make[1]: Leaving directory '/home/student11/linking_lab/build/CMakeFiles/CMakeTmp'


Source file was:
int main() { return 0; }
Performing C++ SOURCE FILE Test HAVE_CXX_FLAG_WERROR succeeded with the following output:
Change Dir: /home/student11/linking_lab/build/CMakeFiles/CMakeTmp

Run Build Command(s):/usr/bin/make cmTC_61ba1/fast && /usr/bin/make -f CMakeFiles/cmTC_61ba1.dir/build.make CMakeFiles/cmTC_61ba1.dir/build
make[1]: Entering directory '/home/student11/linking_lab/build/CMakeFiles/CMakeTmp'
Building CXX object CMakeFiles/cmTC_61ba1.dir/src.cxx.o
/usr/bin/c++    -fno-exceptions -fno-rtti  -Wall  -Wextra  -Wshadow  -Wfloat-equal -DHAVE_CXX_FLAG_WERROR  -Werror   -Werror -std=c++11 -o CMakeFiles/cmTC_61ba1.dir/src.cxx.o -c /home/student11/linking_lab/build/CMakeFiles/CMakeTmp/src.cxx
Linking CXX executable cmTC_61ba1
/usr/bin/cmake -E cmake_link_script CMakeFiles/cmTC_61ba1.dir/link.txt --verbose=1
/usr/bin/c++   -fno-exceptions -fno-rtti  -Wall  -Wextra  -Wshadow  -Wfloat-equal -DHAVE_CXX_FLAG_WERROR  -Werror    CMakeFiles/cmTC_61ba1.dir/src.cxx.o  -o cmTC_61ba1 
make[1]: Leaving directory '/home/student11/linking_lab/build/CMakeFiles/CMakeTmp'


Source file was:
int main() { return 0; }
Performing C++ SOURCE FILE Test HAVE_CXX_FLAG_WSUGGEST_OVERRIDE succeeded with the following output:
Change Dir: /home/student11/linking_lab/build/CMakeFiles/CMakeTmp

Run Build Command(s):/usr/bin/make cmTC_201ec/fast && /usr/bin/make -f CMakeFiles/cmTC_201ec.dir/build.make CMakeFiles/cmTC_201ec.dir/build
make[1]: Entering directory '/home/student11/linking_lab/build/CMakeFiles/CMakeTmp'
Building CXX object CMakeFiles/cmTC_201ec.dir/src.cxx.o
/usr/bin/c++    -fno-exceptions -fno-rtti  -Wall  -Wextra  -Wshadow  -Wfloat-equal  -Werror -DHAVE_CXX_FLAG_WSUGGEST_OVERRIDE  -Wsuggest-override   -Wsuggest-override -std=c++11 -o CMakeFiles/cmTC_201ec.dir/src.cxx.o -c /home/student11/linking_lab/build/CMakeFiles/CMakeTmp/src.cxx
Linking CXX executable cmTC_201ec
/usr/bin/cmake -E cmake_link_script CMakeFiles/cmTC_201ec.dir/link.txt --verbose=1
/usr/bin/c++   -fno-exceptions -fno-rtti  -Wall  -Wextra  -Wshadow  -Wfloat-equal  -Werror -DHAVE_CXX_FLAG_WSUGGEST_OVERRIDE  -Wsuggest-override    CMakeFiles/cmTC_201ec.dir/src.cxx.o  -o cmTC_201ec 
make[1]: Leaving directory '/home/student11/linking_lab/build/CMakeFiles/CMakeTmp'


Source file was:
int main() { return 0; }
Performing C++ SOURCE FILE Test HAVE_CXX_FLAG_PEDANTIC succeeded with the following output:
Change Dir: /home/student11/linking_lab/build/CMakeFiles/CMakeTmp

Run Build Command(s):/usr/bin/make cmTC_6d22a/fast && /usr/bin/make -f CMakeFiles/cmTC_6d22a.dir/build.make CMakeFiles/cmTC_6d22a.dir/build
make[1]: Entering directory '/home/student11/linking_lab/build/CMakeFiles/CMakeTmp'
Building CXX object CMakeFiles/cmTC_6d22a.dir/src.cxx.o
/usr/bin/c++    -fno-exceptions -fno-rtti  -Wall  -Wextra  -Wshadow  -Wfloat-equal  -Werror  -Wsuggest-override -DHAVE_CXX_FLAG_PEDANTIC  -pedantic   -pedantic -std=c++11 -o CMakeFiles/cmTC_6d22a.dir/src.cxx.o -c /home/student11/linking_lab/build/CMakeFiles/CMakeTmp/src.cxx
Linking CXX executable cmTC_6d22a
/usr/bin/cmake -E cmake_link_script CMakeFiles/cmTC_6d22a.dir/link.txt --verbose=1
/usr/bin/c++   -fno-exceptions -fno-rtti  -Wall  -Wextra  -Wshadow  -Wfloat-equal  -Werror  -Wsuggest-override -DHAVE_CXX_FLAG_PEDANTIC  -pedantic    CMakeFiles/cmTC_6d22a.dir/src.cxx.o  -o cmTC_6d22a 
make[1]: Leaving directory '/home/student11/linking_lab/build/CMakeFiles/CMakeTmp'


Source file was:
int main() { return 0; }
Performing C++ SOURCE FILE Test HAVE_CXX_FLAG_PEDANTIC_ERRORS succeeded with the following output:
Change Dir: /home/student11/linking_lab/build/CMakeFiles/CMakeTmp

Run Build Command(s):/usr/bin/make cmTC_24240/fast && /usr/bin/make -f CMakeFiles/cmTC_24240.dir/build.make CMakeFiles/cmTC_24240.dir/build
make[1]: Entering directory '/home/student11/linking_lab/build/CMakeFiles/CMakeTmp'
Building CXX object CMakeFiles/cmTC_24240.dir/src.cxx.o
/usr/bin/c++    -fno-exceptions -fno-rtti  -Wall  -Wextra  -Wshadow  -Wfloat-equal  -Werror  -Wsuggest-override  -pedantic -DHAVE_CXX_FLAG_PEDANTIC_ERRORS  -pedantic-errors   -pedantic-errors -std=c++11 -o CMakeFiles/cmTC_24240.dir/src.cxx.o -c /home/student11/linking_lab/build/CMakeFiles/CMakeTmp/src.cxx
Linking CXX executable cmTC_24240
/usr/bin/cmake -E cmake_link_script CMakeFiles/cmTC_24240.dir/link.txt --verbose=1
/usr/bin/c++   -fno-exceptions -fno-rtti  -Wall  -Wextra  -Wshadow  -Wfloat-equal  -Werror  -Wsuggest-override  -pedantic -DHAVE_CXX_FLAG_PEDANTIC_ERRORS  -pedantic-errors    CMakeFiles/cmTC_24240.dir/src.cxx.o  -o cmTC_24240 
make[1]: Leaving directory '/home/student11/linking_lab/build/CMakeFiles/CMakeTmp'


Source file was:
int main() { return 0; }
Performing C++ SOURCE FILE Test HAVE_CXX_FLAG_FSTRICT_ALIASING succeeded with the following output:
Change Dir: /home/student11/linking_lab/build/CMakeFiles/CMakeTmp

Run Build Command(s):/usr/bin/make cmTC_1c102/fast && /usr/bin/make -f CMakeFiles/cmTC_1c102.dir/build.make CMakeFiles/cmTC_1c102.dir/build
make[1]: Entering directory '/home/student11/linking_lab/build/CMakeFiles/CMakeTmp'
Building CXX object CMakeFiles/cmTC_1c102.dir/src.cxx.o
/usr/bin/c++    -fno-exceptions -fno-rtti  -Wall  -Wextra  -Wshadow  -Wfloat-equal  -Werror  -Wsuggest-override  -pedantic  -pedantic-errors -DHAVE_CXX_FLAG_FSTRICT_ALIASING  -fstrict-aliasing   -fstrict-aliasing -std=c++11 -o CMakeFiles/cmTC_1c102.dir/src.cxx.o -c /home/student11/linking_lab/build/CMakeFiles/CMakeTmp/src.cxx
Linking CXX executable cmTC_1c102
/usr/bin/cmake -E cmake_link_script CMakeFiles/cmTC_1c102.dir/link.txt --verbose=1
/usr/bin/c++   -fno-exceptions -fno-rtti  -Wall  -Wextra  -Wshadow  -Wfloat-equal  -Werror  -Wsuggest-override  -pedantic  -pedantic-errors -DHAVE_CXX_FLAG_FSTRICT_ALIASING  -fstrict-aliasing    CMakeFiles/cmTC_1c102.dir/src.cxx.o  -o cmTC_1c102 
make[1]: Leaving directory '/home/student11/linking_lab/build/CMakeFiles/CMakeTmp'


Source file was:
int main() { return 0; }
Performing C++ SOURCE FILE Test HAVE_CXX_FLAG_WNO_DEPRECATED_DECLARATIONS succeeded with the following output:
Change Dir: /home/student11/linking_lab/build/CMakeFiles/CMakeTmp

Run Build Command(s):/usr/bin/make cmTC_f81b2/fast && /usr/bin/make -f CMakeFiles/cmTC_f81b2.dir/build.make CMakeFiles/cmTC_f81b2.dir/build
make[1]: Entering directory '/home/student11/linking_lab/build/CMakeFiles/CMakeTmp'
Building CXX object CMakeFiles/cmTC_f81b2.dir/src.cxx.o
/usr/bin/c++    -fno-exceptions -fno-rtti  -Wall  -Wextra  -Wshadow  -Wfloat-equal  -Werror  -Wsuggest-override  -pedantic  -pedantic-errors  -fstrict-aliasing -DHAVE_CXX_FLAG_WNO_DEPRECATED_DECLARATIONS  -Wno-deprecated-declarations   -Wno-deprecated-declarations -std=c++11 -o CMakeFiles/cmTC_f81b2.dir/src.cxx.o -c /home/student11/linking_lab/build/CMakeFiles/CMakeTmp/src.cxx
Linking CXX executable cmTC_f81b2
/usr/bin/cmake -E cmake_link_script CMakeFiles/cmTC_f81b2.dir/link.txt --verbose=1
/usr/bin/c++   -fno-exceptions -fno-rtti  -Wall  -Wextra  -Wshadow  -Wfloat-equal  -Werror  -Wsuggest-override  -pedantic  -pedantic-errors  -fstrict-aliasing -DHAVE_CXX_FLAG_WNO_DEPRECATED_DECLARATIONS  -Wno-deprecated-declarations    CMakeFiles/cmTC_f81b2.dir/src.cxx.o  -o cmTC_f81b2 
make[1]: Leaving directory '/home/student11/linking_lab/build/CMakeFiles/CMakeTmp'


Source file was:
int main() { return 0; }
Performing C++ SOURCE FILE Test HAVE_CXX_FLAG_WNO_DEPRECATED succeeded with the following output:
Change Dir: /home/student11/linking_lab/build/CMakeFiles/CMakeTmp

Run Build Command(s):/usr/bin/make cmTC_c46b6/fast && /usr/bin/make -f CMakeFiles/cmTC_c46b6.dir/build.make CMakeFiles/cmTC_c46b6.dir/build
make[1]: Entering directory '/home/student11/linking_lab/build/CMakeFiles/CMakeTmp'
Building CXX object CMakeFiles/cmTC_c46b6.dir/src.cxx.o
/usr/bin/c++    -fno-exceptions -fno-rtti  -Wall  -Wextra  -Wshadow  -Wfloat-equal  -Werror  -Wsuggest-override  -pedantic  -pedantic-errors  -fstrict-aliasing  -Wno-deprecated-declarations -DHAVE_CXX_FLAG_WNO_DEPRECATED  -Wno-deprecated   -Wno-deprecated -std=c++11 -o CMakeFiles/cmTC_c46b6.dir/src.cxx.o -c /home/student11/linking_lab/build/CMakeFiles/CMakeTmp/src.cxx
Linking CXX executable cmTC_c46b6
/usr/bin/cmake -E cmake_link_script CMakeFiles/cmTC_c46b6.dir/link.txt --verbose=1
/usr/bin/c++   -fno-exceptions -fno-rtti  -Wall  -Wextra  -Wshadow  -Wfloat-equal  -Werror  -Wsuggest-override  -pedantic  -pedantic-errors  -fstrict-aliasing  -Wno-deprecated-declarations -DHAVE_CXX_FLAG_WNO_DEPRECATED  -Wno-deprecated    CMakeFiles/cmTC_c46b6.dir/src.cxx.o  -o cmTC_c46b6 
make[1]: Leaving directory '/home/student11/linking_lab/build/CMakeFiles/CMakeTmp'


Source file was:
int main() { return 0; }
Performing C++ SOURCE FILE Test HAVE_CXX_FLAG_FNO_EXCEPTIONS succeeded with the following output:
Change Dir: /home/student11/linking_lab/build/CMakeFiles/CMakeTmp

Run Build Command(s):/usr/bin/make cmTC_c06c4/fast && /usr/bin/make -f CMakeFiles/cmTC_c06c4.dir/build.make CMakeFiles/cmTC_c06c4.dir/build
make[1]: Entering directory '/home/student11/linking_lab/build/CMakeFiles/CMakeTmp'
Building CXX object CMakeFiles/cmTC_c06c4.dir/src.cxx.o
/usr/bin/c++    -fno-exceptions -fno-rtti  -Wall  -Wextra  -Wshadow  -Wfloat-equal  -Werror  -Wsuggest-override  -pedantic  -pedantic-errors  -fstrict-aliasing  -Wno-deprecated-declarations  -Wno-deprecated -DHAVE_CXX_FLAG_FNO_EXCEPTIONS  -fno-exceptions   -fno-exceptions -std=c++11 -o CMakeFiles/cmTC_c06c4.dir/src.cxx.o -c /home/student11/linking_lab/build/CMakeFiles/CMakeTmp/src.cxx
Linking CXX executable cmTC_c06c4
/usr/bin/cmake -E cmake_link_script CMakeFiles/cmTC_c06c4.dir/link.txt --verbose=1
/usr/bin/c++   -fno-exceptions -fno-rtti  -Wall  -Wextra  -Wshadow  -Wfloat-equal  -Werror  -Wsuggest-override  -pedantic  -pedantic-errors  -fstrict-aliasing  -Wno-deprecated-declarations  -Wno-deprecated -DHAVE_CXX_FLAG_FNO_EXCEPTIONS  -fno-exceptions    CMakeFiles/cmTC_c06c4.dir/src.cxx.o  -o cmTC_c06c4 
make[1]: Leaving directory '/home/student11/linking_lab/build/CMakeFiles/CMakeTmp'


Source file was:
int main() { return 0; }
Performing C++ SOURCE FILE Test HAVE_CXX_FLAG_WSTRICT_ALIASING succeeded with the following output:
Change Dir: /home/student11/linking_lab/build/CMakeFiles/CMakeTmp

Run Build Command(s):/usr/bin/make cmTC_96e02/fast && /usr/bin/make -f CMakeFiles/cmTC_96e02.dir/build.make CMakeFiles/cmTC_96e02.dir/build
make[1]: Entering directory '/home/student11/linking_lab/build/CMakeFiles/CMakeTmp'
Building CXX object CMakeFiles/cmTC_96e02.dir/src.cxx.o
/usr/bin/c++    -fno-exceptions -fno-rtti  -Wall  -Wextra  -Wshadow  -Wfloat-equal  -Werror  -Wsuggest-override  -pedantic  -pedantic-errors  -fstrict-aliasing  -Wno-deprecated-declarations  -Wno-deprecated  -fno-exceptions -DHAVE_CXX_FLAG_WSTRICT_ALIASING  -Wstrict-aliasing   -Wstrict-aliasing -std=c++11 -o CMakeFiles/cmTC_96e02.dir/src.cxx.o -c /home/student11/linking_lab/build/CMakeFiles/CMakeTmp/src.cxx
Linking CXX executable cmTC_96e02
/usr/bin/cmake -E cmake_link_script CMakeFiles/cmTC_96e02.dir/link.txt --verbose=1
/usr/bin/c++   -fno-exceptions -fno-rtti  -Wall  -Wextra  -Wshadow  -Wfloat-equal  -Werror  -Wsuggest-override  -pedantic  -pedantic-errors  -fstrict-aliasing  -Wno-deprecated-declarations  -Wno-deprecated  -fno-exceptions -DHAVE_CXX_FLAG_WSTRICT_ALIASING  -Wstrict-aliasing    CMakeFiles/cmTC_96e02.dir/src.cxx.o  -o cmTC_96e02 
make[1]: Leaving directory '/home/student11/linking_lab/build/CMakeFiles/CMakeTmp'


Source file was:
int main() { return 0; }
Performing C++ SOURCE FILE Test HAVE_CXX_FLAG_COVERAGE succeeded with the following output:
Change Dir: /home/student11/linking_lab/build/CMakeFiles/CMakeTmp

Run Build Command(s):/usr/bin/make cmTC_545a5/fast && /usr/bin/make -f CMakeFiles/cmTC_545a5.dir/build.make CMakeFiles/cmTC_545a5.dir/build
make[1]: Entering directory '/home/student11/linking_lab/build/CMakeFiles/CMakeTmp'
Building CXX object CMakeFiles/cmTC_545a5.dir/src.cxx.o
/usr/bin/c++    -fno-exceptions -fno-rtti  -Wall  -Wextra  -Wshadow  -Wfloat-equal  -Werror  -Wsuggest-override  -pedantic  -pedantic-errors  -fstrict-aliasing  -Wno-deprecated-declarations  -Wno-deprecated  -fno-exceptions  -Wstrict-aliasing -DHAVE_CXX_FLAG_COVERAGE  --coverage   --coverage -std=c++11 -o CMakeFiles/cmTC_545a5.dir/src.cxx.o -c /home/student11/linking_lab/build/CMakeFiles/CMakeTmp/src.cxx
Linking CXX executable cmTC_545a5
/usr/bin/cmake -E cmake_link_script CMakeFiles/cmTC_545a5.dir/link.txt --verbose=1
/usr/bin/c++   -fno-exceptions -fno-rtti  -Wall  -Wextra  -Wshadow  -Wfloat-equal  -Werror  -Wsuggest-override  -pedantic  -pedantic-errors  -fstrict-aliasing  -Wno-deprecated-declarations  -Wno-deprecated  -fno-exceptions  -Wstrict-aliasing -DHAVE_CXX_FLAG_COVERAGE  --coverage    CMakeFiles/cmTC_545a5.dir/src.cxx.o  -o cmTC_545a5 
make[1]: Leaving directory '/home/student11/linking_lab/build/CMakeFiles/CMakeTmp'


Source file was:
int main() { return 0; }
