Performing C SOURCE FILE Test CMAKE_HAVE_LIBC_PTHREAD failed with the following output:
Change Dir: /home/student11/linking_lab/build/CMakeFiles/CMakeTmp

Run Build Command(s):/usr/bin/make cmTC_0f8c8/fast && /usr/bin/make -f CMakeFiles/cmTC_0f8c8.dir/build.make CMakeFiles/cmTC_0f8c8.dir/build
make[1]: Entering directory '/home/student11/linking_lab/build/CMakeFiles/CMakeTmp'
Building C object CMakeFiles/cmTC_0f8c8.dir/src.c.o
/usr/bin/cc   -DCMAKE_HAVE_LIBC_PTHREAD   -o CMakeFiles/cmTC_0f8c8.dir/src.c.o   -c /home/student11/linking_lab/build/CMakeFiles/CMakeTmp/src.c
Linking C executable cmTC_0f8c8
/usr/bin/cmake -E cmake_link_script CMakeFiles/cmTC_0f8c8.dir/link.txt --verbose=1
/usr/bin/cc  -DCMAKE_HAVE_LIBC_PTHREAD    CMakeFiles/cmTC_0f8c8.dir/src.c.o  -o cmTC_0f8c8 
/usr/bin/ld: CMakeFiles/cmTC_0f8c8.dir/src.c.o: in function `main':
src.c:(.text+0x46): undefined reference to `pthread_create'
/usr/bin/ld: src.c:(.text+0x52): undefined reference to `pthread_detach'
/usr/bin/ld: src.c:(.text+0x63): undefined reference to `pthread_join'
collect2: error: ld returned 1 exit status
make[1]: *** [CMakeFiles/cmTC_0f8c8.dir/build.make:87: cmTC_0f8c8] Error 1
make[1]: Leaving directory '/home/student11/linking_lab/build/CMakeFiles/CMakeTmp'
make: *** [Makefile:121: cmTC_0f8c8/fast] Error 2


Source file was:
#include <pthread.h>

void* test_func(void* data)
{
  return data;
}

int main(void)
{
  pthread_t thread;
  pthread_create(&thread, NULL, test_func, NULL);
  pthread_detach(thread);
  pthread_join(thread, NULL);
  pthread_atfork(NULL, NULL, NULL);
  pthread_exit(NULL);

  return 0;
}

Determining if the function pthread_create exists in the pthreads failed with the following output:
Change Dir: /home/student11/linking_lab/build/CMakeFiles/CMakeTmp

Run Build Command(s):/usr/bin/make cmTC_5b12b/fast && /usr/bin/make -f CMakeFiles/cmTC_5b12b.dir/build.make CMakeFiles/cmTC_5b12b.dir/build
make[1]: Entering directory '/home/student11/linking_lab/build/CMakeFiles/CMakeTmp'
Building C object CMakeFiles/cmTC_5b12b.dir/CheckFunctionExists.c.o
/usr/bin/cc   -DCHECK_FUNCTION_EXISTS=pthread_create   -o CMakeFiles/cmTC_5b12b.dir/CheckFunctionExists.c.o   -c /usr/share/cmake-3.16/Modules/CheckFunctionExists.c
Linking C executable cmTC_5b12b
/usr/bin/cmake -E cmake_link_script CMakeFiles/cmTC_5b12b.dir/link.txt --verbose=1
/usr/bin/cc  -DCHECK_FUNCTION_EXISTS=pthread_create    CMakeFiles/cmTC_5b12b.dir/CheckFunctionExists.c.o  -o cmTC_5b12b  -lpthreads 
/usr/bin/ld: cannot find -lpthreads
collect2: error: ld returned 1 exit status
make[1]: *** [CMakeFiles/cmTC_5b12b.dir/build.make:87: cmTC_5b12b] Error 1
make[1]: Leaving directory '/home/student11/linking_lab/build/CMakeFiles/CMakeTmp'
make: *** [Makefile:121: cmTC_5b12b/fast] Error 2



Determining if the function crc32c_value exists in the crc32c failed with the following output:
Change Dir: /home/student11/linking_lab/build/CMakeFiles/CMakeTmp

Run Build Command(s):/usr/bin/make cmTC_1d7e4/fast && /usr/bin/make -f CMakeFiles/cmTC_1d7e4.dir/build.make CMakeFiles/cmTC_1d7e4.dir/build
make[1]: Entering directory '/home/student11/linking_lab/build/CMakeFiles/CMakeTmp'
Building C object CMakeFiles/cmTC_1d7e4.dir/CheckFunctionExists.c.o
/usr/bin/cc   -DCHECK_FUNCTION_EXISTS=crc32c_value   -std=c11 -o CMakeFiles/cmTC_1d7e4.dir/CheckFunctionExists.c.o   -c /usr/share/cmake-3.16/Modules/CheckFunctionExists.c
Linking C executable cmTC_1d7e4
/usr/bin/cmake -E cmake_link_script CMakeFiles/cmTC_1d7e4.dir/link.txt --verbose=1
/usr/bin/cc  -DCHECK_FUNCTION_EXISTS=crc32c_value    CMakeFiles/cmTC_1d7e4.dir/CheckFunctionExists.c.o  -o cmTC_1d7e4  -lcrc32c 
/usr/bin/ld: cannot find -lcrc32c
collect2: error: ld returned 1 exit status
make[1]: *** [CMakeFiles/cmTC_1d7e4.dir/build.make:87: cmTC_1d7e4] Error 1
make[1]: Leaving directory '/home/student11/linking_lab/build/CMakeFiles/CMakeTmp'
make: *** [Makefile:121: cmTC_1d7e4/fast] Error 2



Determining if the function zstd_compress exists in the zstd failed with the following output:
Change Dir: /home/student11/linking_lab/build/CMakeFiles/CMakeTmp

Run Build Command(s):/usr/bin/make cmTC_f4c5b/fast && /usr/bin/make -f CMakeFiles/cmTC_f4c5b.dir/build.make CMakeFiles/cmTC_f4c5b.dir/build
make[1]: Entering directory '/home/student11/linking_lab/build/CMakeFiles/CMakeTmp'
Building C object CMakeFiles/cmTC_f4c5b.dir/CheckFunctionExists.c.o
/usr/bin/cc   -DCHECK_FUNCTION_EXISTS=zstd_compress   -std=c11 -o CMakeFiles/cmTC_f4c5b.dir/CheckFunctionExists.c.o   -c /usr/share/cmake-3.16/Modules/CheckFunctionExists.c
Linking C executable cmTC_f4c5b
/usr/bin/cmake -E cmake_link_script CMakeFiles/cmTC_f4c5b.dir/link.txt --verbose=1
/usr/bin/cc  -DCHECK_FUNCTION_EXISTS=zstd_compress    CMakeFiles/cmTC_f4c5b.dir/CheckFunctionExists.c.o  -o cmTC_f4c5b  -lzstd 
/usr/bin/ld: cannot find -lzstd
collect2: error: ld returned 1 exit status
make[1]: *** [CMakeFiles/cmTC_f4c5b.dir/build.make:87: cmTC_f4c5b] Error 1
make[1]: Leaving directory '/home/student11/linking_lab/build/CMakeFiles/CMakeTmp'
make: *** [Makefile:121: cmTC_f4c5b/fast] Error 2



Determining if the function malloc exists in the tcmalloc failed with the following output:
Change Dir: /home/student11/linking_lab/build/CMakeFiles/CMakeTmp

Run Build Command(s):/usr/bin/make cmTC_4f8e0/fast && /usr/bin/make -f CMakeFiles/cmTC_4f8e0.dir/build.make CMakeFiles/cmTC_4f8e0.dir/build
make[1]: Entering directory '/home/student11/linking_lab/build/CMakeFiles/CMakeTmp'
Building C object CMakeFiles/cmTC_4f8e0.dir/CheckFunctionExists.c.o
/usr/bin/cc   -DCHECK_FUNCTION_EXISTS=malloc   -std=c11 -o CMakeFiles/cmTC_4f8e0.dir/CheckFunctionExists.c.o   -c /usr/share/cmake-3.16/Modules/CheckFunctionExists.c
<command-line>: warning: conflicting types for built-in function ‘malloc’; expected ‘void *(long unsigned int)’ [-Wbuiltin-declaration-mismatch]
/usr/share/cmake-3.16/Modules/CheckFunctionExists.c:7:3: note: in expansion of macro ‘CHECK_FUNCTION_EXISTS’
    7 |   CHECK_FUNCTION_EXISTS(void);
      |   ^~~~~~~~~~~~~~~~~~~~~
/usr/share/cmake-3.16/Modules/CheckFunctionExists.c:1:1: note: ‘malloc’ is declared in header ‘<stdlib.h>’
  +++ |+#include <stdlib.h>
    1 | #ifdef CHECK_FUNCTION_EXISTS
Linking C executable cmTC_4f8e0
/usr/bin/cmake -E cmake_link_script CMakeFiles/cmTC_4f8e0.dir/link.txt --verbose=1
/usr/bin/cc  -DCHECK_FUNCTION_EXISTS=malloc    CMakeFiles/cmTC_4f8e0.dir/CheckFunctionExists.c.o  -o cmTC_4f8e0  -ltcmalloc 
/usr/bin/ld: cannot find -ltcmalloc
collect2: error: ld returned 1 exit status
make[1]: *** [CMakeFiles/cmTC_4f8e0.dir/build.make:87: cmTC_4f8e0] Error 1
make[1]: Leaving directory '/home/student11/linking_lab/build/CMakeFiles/CMakeTmp'
make: *** [Makefile:121: cmTC_4f8e0/fast] Error 2



Determining if the F_FULLFSYNC exist failed with the following output:
Change Dir: /home/student11/linking_lab/build/CMakeFiles/CMakeTmp

Run Build Command(s):/usr/bin/make cmTC_4cb92/fast && /usr/bin/make -f CMakeFiles/cmTC_4cb92.dir/build.make CMakeFiles/cmTC_4cb92.dir/build
make[1]: Entering directory '/home/student11/linking_lab/build/CMakeFiles/CMakeTmp'
Building CXX object CMakeFiles/cmTC_4cb92.dir/CheckSymbolExists.cxx.o
/usr/bin/c++    -std=c++11 -o CMakeFiles/cmTC_4cb92.dir/CheckSymbolExists.cxx.o -c /home/student11/linking_lab/build/CMakeFiles/CMakeTmp/CheckSymbolExists.cxx
/home/student11/linking_lab/build/CMakeFiles/CMakeTmp/CheckSymbolExists.cxx: In function ‘int main(int, char**)’:
/home/student11/linking_lab/build/CMakeFiles/CMakeTmp/CheckSymbolExists.cxx:8:19: error: ‘F_FULLFSYNC’ was not declared in this scope
    8 |   return ((int*)(&F_FULLFSYNC))[argc];
      |                   ^~~~~~~~~~~
make[1]: *** [CMakeFiles/cmTC_4cb92.dir/build.make:66: CMakeFiles/cmTC_4cb92.dir/CheckSymbolExists.cxx.o] Error 1
make[1]: Leaving directory '/home/student11/linking_lab/build/CMakeFiles/CMakeTmp'
make: *** [Makefile:121: cmTC_4cb92/fast] Error 2


File /home/student11/linking_lab/build/CMakeFiles/CMakeTmp/CheckSymbolExists.cxx:
/* */
#include <fcntl.h>

int main(int argc, char** argv)
{
  (void)argv;
#ifndef F_FULLFSYNC
  return ((int*)(&F_FULLFSYNC))[argc];
#else
  (void)argc;
  return 0;
#endif
}
Performing C++ SOURCE FILE Test HAVE_CLANG_THREAD_SAFETY failed with the following output:
Change Dir: /home/student11/linking_lab/build/CMakeFiles/CMakeTmp

Run Build Command(s):/usr/bin/make cmTC_025d0/fast && /usr/bin/make -f CMakeFiles/cmTC_025d0.dir/build.make CMakeFiles/cmTC_025d0.dir/build
make[1]: Entering directory '/home/student11/linking_lab/build/CMakeFiles/CMakeTmp'
Building CXX object CMakeFiles/cmTC_025d0.dir/src.cxx.o
/usr/bin/c++    -fno-exceptions -fno-rtti -DHAVE_CLANG_THREAD_SAFETY   -Wthread-safety -std=c++11 -o CMakeFiles/cmTC_025d0.dir/src.cxx.o -c /home/student11/linking_lab/build/CMakeFiles/CMakeTmp/src.cxx
c++: error: unrecognized command line option '-Wthread-safety'
make[1]: *** [CMakeFiles/cmTC_025d0.dir/build.make:66: CMakeFiles/cmTC_025d0.dir/src.cxx.o] Error 1
make[1]: Leaving directory '/home/student11/linking_lab/build/CMakeFiles/CMakeTmp'
make: *** [Makefile:121: cmTC_025d0/fast] Error 2


Source file was:
int main() { return 0; }
Performing C++ SOURCE FILE Test HAVE_CXX_FLAG_WSHORTEN_64_TO_32 failed with the following output:
Change Dir: /home/student11/linking_lab/build/CMakeFiles/CMakeTmp

Run Build Command(s):/usr/bin/make cmTC_95ae4/fast && /usr/bin/make -f CMakeFiles/cmTC_95ae4.dir/build.make CMakeFiles/cmTC_95ae4.dir/build
make[1]: Entering directory '/home/student11/linking_lab/build/CMakeFiles/CMakeTmp'
Building CXX object CMakeFiles/cmTC_95ae4.dir/src.cxx.o
/usr/bin/c++    -fno-exceptions -fno-rtti  -Wall  -Wextra  -Wshadow  -Wfloat-equal  -Werror  -Wsuggest-override  -pedantic  -pedantic-errors -DHAVE_CXX_FLAG_WSHORTEN_64_TO_32  -Wshorten-64-to-32   -Wshorten-64-to-32 -std=c++11 -o CMakeFiles/cmTC_95ae4.dir/src.cxx.o -c /home/student11/linking_lab/build/CMakeFiles/CMakeTmp/src.cxx
c++: error: unrecognized command line option '-Wshorten-64-to-32'
c++: error: unrecognized command line option '-Wshorten-64-to-32'
make[1]: *** [CMakeFiles/cmTC_95ae4.dir/build.make:66: CMakeFiles/cmTC_95ae4.dir/src.cxx.o] Error 1
make[1]: Leaving directory '/home/student11/linking_lab/build/CMakeFiles/CMakeTmp'
make: *** [Makefile:121: cmTC_95ae4/fast] Error 2


Source file was:
int main() { return 0; }
Performing C++ SOURCE FILE Test HAVE_CXX_FLAG_WD654 failed with the following output:
Change Dir: /home/student11/linking_lab/build/CMakeFiles/CMakeTmp

Run Build Command(s):/usr/bin/make cmTC_c9842/fast && /usr/bin/make -f CMakeFiles/cmTC_c9842.dir/build.make CMakeFiles/cmTC_c9842.dir/build
make[1]: Entering directory '/home/student11/linking_lab/build/CMakeFiles/CMakeTmp'
Building CXX object CMakeFiles/cmTC_c9842.dir/src.cxx.o
/usr/bin/c++    -fno-exceptions -fno-rtti  -Wall  -Wextra  -Wshadow  -Wfloat-equal  -Werror  -Wsuggest-override  -pedantic  -pedantic-errors  -fstrict-aliasing  -Wno-deprecated-declarations  -Wno-deprecated  -fno-exceptions  -Wstrict-aliasing -DHAVE_CXX_FLAG_WD654  -wd654   -wd654 -std=c++11 -o CMakeFiles/cmTC_c9842.dir/src.cxx.o -c /home/student11/linking_lab/build/CMakeFiles/CMakeTmp/src.cxx
c++: error: unrecognized command line option '-wd654'
c++: error: unrecognized command line option '-wd654'
make[1]: *** [CMakeFiles/cmTC_c9842.dir/build.make:66: CMakeFiles/cmTC_c9842.dir/src.cxx.o] Error 1
make[1]: Leaving directory '/home/student11/linking_lab/build/CMakeFiles/CMakeTmp'
make: *** [Makefile:121: cmTC_c9842/fast] Error 2


Source file was:
int main() { return 0; }
Performing C++ SOURCE FILE Test HAVE_CXX_FLAG_WTHREAD_SAFETY failed with the following output:
Change Dir: /home/student11/linking_lab/build/CMakeFiles/CMakeTmp

Run Build Command(s):/usr/bin/make cmTC_b54ba/fast && /usr/bin/make -f CMakeFiles/cmTC_b54ba.dir/build.make CMakeFiles/cmTC_b54ba.dir/build
make[1]: Entering directory '/home/student11/linking_lab/build/CMakeFiles/CMakeTmp'
Building CXX object CMakeFiles/cmTC_b54ba.dir/src.cxx.o
/usr/bin/c++    -fno-exceptions -fno-rtti  -Wall  -Wextra  -Wshadow  -Wfloat-equal  -Werror  -Wsuggest-override  -pedantic  -pedantic-errors  -fstrict-aliasing  -Wno-deprecated-declarations  -Wno-deprecated  -fno-exceptions  -Wstrict-aliasing -DHAVE_CXX_FLAG_WTHREAD_SAFETY  -Wthread-safety   -Wthread-safety -std=c++11 -o CMakeFiles/cmTC_b54ba.dir/src.cxx.o -c /home/student11/linking_lab/build/CMakeFiles/CMakeTmp/src.cxx
c++: error: unrecognized command line option '-Wthread-safety'
c++: error: unrecognized command line option '-Wthread-safety'
make[1]: *** [CMakeFiles/cmTC_b54ba.dir/build.make:66: CMakeFiles/cmTC_b54ba.dir/src.cxx.o] Error 1
make[1]: Leaving directory '/home/student11/linking_lab/build/CMakeFiles/CMakeTmp'
make: *** [Makefile:121: cmTC_b54ba/fast] Error 2


Source file was:
int main() { return 0; }
Determining if the function sqlite3_open exists in the sqlite3 failed with the following output:
Change Dir: /home/student11/linking_lab/build/CMakeFiles/CMakeTmp

Run Build Command(s):/usr/bin/make cmTC_970be/fast && /usr/bin/make -f CMakeFiles/cmTC_970be.dir/build.make CMakeFiles/cmTC_970be.dir/build
make[1]: Entering directory '/home/student11/linking_lab/build/CMakeFiles/CMakeTmp'
Building C object CMakeFiles/cmTC_970be.dir/CheckFunctionExists.c.o
/usr/bin/cc   -Wstrict-prototypes -DCHECK_FUNCTION_EXISTS=sqlite3_open   -std=c11 -o CMakeFiles/cmTC_970be.dir/CheckFunctionExists.c.o   -c /usr/share/cmake-3.16/Modules/CheckFunctionExists.c
Linking C executable cmTC_970be
/usr/bin/cmake -E cmake_link_script CMakeFiles/cmTC_970be.dir/link.txt --verbose=1
/usr/bin/cc  -Wstrict-prototypes -DCHECK_FUNCTION_EXISTS=sqlite3_open    CMakeFiles/cmTC_970be.dir/CheckFunctionExists.c.o  -o cmTC_970be  -lsqlite3 
/usr/bin/ld: cannot find -lsqlite3
collect2: error: ld returned 1 exit status
make[1]: *** [CMakeFiles/cmTC_970be.dir/build.make:87: cmTC_970be] Error 1
make[1]: Leaving directory '/home/student11/linking_lab/build/CMakeFiles/CMakeTmp'
make: *** [Makefile:121: cmTC_970be/fast] Error 2



Performing C++ SOURCE FILE Test HAVE_KYOTOCABINET failed with the following output:
Change Dir: /home/student11/linking_lab/build/CMakeFiles/CMakeTmp

Run Build Command(s):/usr/bin/make cmTC_4d509/fast && /usr/bin/make -f CMakeFiles/cmTC_4d509.dir/build.make CMakeFiles/cmTC_4d509.dir/build
make[1]: Entering directory '/home/student11/linking_lab/build/CMakeFiles/CMakeTmp'
Building CXX object CMakeFiles/cmTC_4d509.dir/src.cxx.o
/usr/bin/c++    -fno-exceptions -fno-rtti -DHAVE_KYOTOCABINET   -std=c++11 -o CMakeFiles/cmTC_4d509.dir/src.cxx.o -c /home/student11/linking_lab/build/CMakeFiles/CMakeTmp/src.cxx
/home/student11/linking_lab/build/CMakeFiles/CMakeTmp/src.cxx:2:10: fatal error: kcpolydb.h: No such file or directory
    2 | #include <kcpolydb.h>
      |          ^~~~~~~~~~~~
compilation terminated.
make[1]: *** [CMakeFiles/cmTC_4d509.dir/build.make:66: CMakeFiles/cmTC_4d509.dir/src.cxx.o] Error 1
make[1]: Leaving directory '/home/student11/linking_lab/build/CMakeFiles/CMakeTmp'
make: *** [Makefile:121: cmTC_4d509/fast] Error 2


Source file was:

#include <kcpolydb.h>

int main() {
  kyotocabinet::TreeDB* db = new kyotocabinet::TreeDB();
  delete db;
  return 0;
}
  
